<?xml version="1.0" encoding="utf-8"?><testsuites name="pytest tests"><testsuite name="pytest" errors="0" failures="2" skipped="0" tests="18" time="4.299" timestamp="2026-06-25T14:37:12.918862+00:00" hostname="agent-env-03922afd-d95c-4977-a108-c6bea9603120"><testcase classname="backend.tests.test_iter13_brogliaccio_model.TestBrogliaccioRighe" name="test_rimessa_no_totale" time="1.273" /><testcase classname="backend.tests.test_iter13_brogliaccio_model.TestBrogliaccioRighe" name="test_paga_provvigioni_no_totale" time="0.082" /><testcase classname="backend.tests.test_iter13_brogliaccio_model.TestBrogliaccioRighe" name="test_stipendio_totale_negativo" time="0.080" /><testcase classname="backend.tests.test_iter13_brogliaccio_model.TestBrogliaccioRighe" name="test_giroconto_no_totale" time="0.179"><failure message="AssertionError: {'id': '09ba2f7d-6554-4dbc-9449-0a2c75186277', 'descrizione': 'Giroconto: Cassa Contanti → Assegni — TEST_iter13_gr_1782398233', 'contraente': None, 'numero_polizza': None, ...}&#10;assert -100.0 == 0">E   AssertionError: {'id': '09ba2f7d-6554-4dbc-9449-0a2c75186277', 'descrizione': 'Giroconto: Cassa Contanti → Assegni — TEST_iter13_gr_1782398233', 'contraente': None, 'numero_polizza': None, ...}
    assert -100.0 == 0</failure></testcase><testcase classname="backend.tests.test_iter13_brogliaccio_model.TestBrogliaccioRighe" name="test_rappel_entrata_solo_provvigioni" time="0.087" /><testcase classname="backend.tests.test_iter13_brogliaccio_model.TestBrogliaccioRighe" name="test_incasso_premio_in_totale" time="0.162" /><testcase classname="backend.tests.test_iter13_brogliaccio_model.TestKpiCumulativi" name="test_kpi_entrate_only_incasso_premio" time="0.073" /><testcase classname="backend.tests.test_iter13_brogliaccio_model.TestKpiCumulativi" name="test_kpi_provvigioni_include_rappel" time="0.104" /><testcase classname="backend.tests.test_iter13_brogliaccio_model.TestSaldiCassa" name="test_saldi_cassa_sottrae_rappel_e_rimesse" time="0.082" /><testcase classname="backend.tests.test_iter13_brogliaccio_model.TestSaldiCassa" name="test_dati_compagnie_coerente_con_saldi" time="0.163" /><testcase classname="backend.tests.test_iter13_brogliaccio_model.TestRappelCrud" name="test_rappel_incasso_crea_movimento_provvigioni_entrata" time="0.063" /><testcase classname="backend.tests.test_iter13_brogliaccio_model.TestRappelCrud" name="test_delete_movimento_rappel_bloccato" time="0.068" /><testcase classname="backend.tests.test_iter13_brogliaccio_model.TestVociRicorsiveCollab" name="test_crud_voce_ricorsiva_e_materializzazione" time="0.177" /><testcase classname="backend.tests.test_iter13_brogliaccio_model.TestVociRicorsiveCollab" name="test_voce_ricorsiva_all_collaboratori" time="0.108" /><testcase classname="backend.tests.test_iter13_brogliaccio_model.TestDeleteMovimenti" name="test_delete_giroconto_elimina_pair" time="0.173"><failure message="AssertionError: BUG: DELETE di un giroconto deve cancellare la coppia, ma la riga entrata 2e80b8dd-897a-496d-8626-4136eeea997f esiste ancora. Response delete: {'ok': True}&#10;assert not True">E   AssertionError: BUG: DELETE di un giroconto deve cancellare la coppia, ma la riga entrata 2e80b8dd-897a-496d-8626-4136eeea997f esiste ancora. Response delete: {'ok': True}
    assert not True</failure></testcase><testcase classname="backend.tests.test_iter13_brogliaccio_model.TestDeleteMovimenti" name="test_delete_movimento_paga_provvigioni_no_id_passa" time="0.053" /><testcase classname="backend.tests.test_iter13_brogliaccio_model.TestChiusureGiorno" name="test_lista_chiusure_filtro_anno" time="0.052" /><testcase classname="backend.tests.test_iter13_brogliaccio_model.TestChiusureGiorno" name="test_delete_chiusura_riapre_movimenti" time="1.247" /></testsuite></testsuites>