<?xml version="1.0" encoding="utf-8"?><testsuites name="pytest tests"><testsuite name="pytest" errors="0" failures="0" skipped="0" tests="25" time="1.754" timestamp="2026-06-25T22:24:13.768581+00:00" hostname="agent-env-03922afd-d95c-4977-a108-c6bea9603120"><testcase classname="backend.tests.test_iter20_complexity_refactor.TestInpsCalculatorHelpers" name="test_all_inps_helpers_importable" time="0.001" /><testcase classname="backend.tests.test_iter20_complexity_refactor.TestInpsCalculatorHelpers" name="test_estratto_state_initialised_with_expected_attrs" time="0.000" /><testcase classname="backend.tests.test_iter20_complexity_refactor.TestAniaImporterHelpers" name="test_polizze_helpers_importable" time="0.107" /><testcase classname="backend.tests.test_iter20_complexity_refactor.TestAniaImporterHelpers" name="test_veicolo_helpers_importable" time="0.000" /><testcase classname="backend.tests.test_iter20_complexity_refactor.TestAniaImporterHelpers" name="test_build_dettagli_veicolo_merges_all_sections" time="0.000" /><testcase classname="backend.tests.test_iter20_complexity_refactor.TestPdfAvvisiHelpers" name="test_pdf_avvisi_helpers_importable" time="0.060" /><testcase classname="backend.tests.test_iter20_complexity_refactor.TestPdfAvvisiHelpers" name="test_build_styles_returns_dict" time="0.000" /><testcase classname="backend.tests.test_iter20_complexity_refactor.TestPdfBrogliaccioHelpers" name="test_brogliaccio_helpers_importable" time="0.000" /><testcase classname="backend.tests.test_iter20_complexity_refactor.TestPdfBrogliaccioHelpers" name="test_calcola_larghezze_proportional" time="0.000" /><testcase classname="backend.tests.test_iter20_complexity_refactor.TestParseEstrattoContoInps" name="test_anagrafica_extracted" time="0.002" /><testcase classname="backend.tests.test_iter20_complexity_refactor.TestParseEstrattoContoInps" name="test_periodi_contributivi_estratti" time="0.000" /><testcase classname="backend.tests.test_iter20_complexity_refactor.TestParseEstrattoContoInps" name="test_settimane_e_anni_consolidati" time="0.000" /><testcase classname="backend.tests.test_iter20_complexity_refactor.TestParseEstrattoContoInps" name="test_retribuzione_media_annua_positiva" time="0.000" /><testcase classname="backend.tests.test_iter20_complexity_refactor.TestParseEstrattoContoInps" name="test_montante_stimato_calcolato" time="0.000" /><testcase classname="backend.tests.test_iter20_complexity_refactor.TestParseEstrattoContoInps" name="test_empty_text_does_not_raise" time="0.000" /><testcase classname="backend.tests.test_iter20_complexity_refactor.TestBrogliaccioStampaPdf" name="test_brogliaccio_stampa_returns_pdf" time="0.874" /><testcase classname="backend.tests.test_iter20_complexity_refactor.TestNoBooleanIsAntipattern" name="test_no_is_true_or_is_false_in_iter_tests" time="0.003" /><testcase classname="backend.tests.test_iter20_complexity_refactor" name="test_smoke_endpoints_200[/api/auth/me]" time="0.052" /><testcase classname="backend.tests.test_iter20_complexity_refactor" name="test_smoke_endpoints_200[/api/anagrafiche/stats]" time="0.056" /><testcase classname="backend.tests.test_iter20_complexity_refactor" name="test_smoke_endpoints_200[/api/dashboard/tasks]" time="0.057" /><testcase classname="backend.tests.test_iter20_complexity_refactor" name="test_smoke_endpoints_200[/api/polizze]" time="0.159" /><testcase classname="backend.tests.test_iter20_complexity_refactor" name="test_smoke_endpoints_200[/api/titoli]" time="0.115" /><testcase classname="backend.tests.test_iter20_complexity_refactor" name="test_smoke_endpoints_200[/api/contabilita/brogliaccio?data=2026-06-25]" time="0.083" /><testcase classname="backend.tests.test_iter20_complexity_refactor" name="test_smoke_endpoints_200[/api/avvisi-scadenze/preview]" time="0.073" /><testcase classname="backend.tests.test_iter20_complexity_refactor" name="test_smoke_endpoints_200[/api/anagrafiche/kpi-custom]" time="0.062" /></testsuite></testsuites>