<?xml version="1.0" encoding="utf-8"?><testsuites name="pytest tests"><testsuite name="pytest" errors="0" failures="0" skipped="0" tests="20" time="3.813" timestamp="2026-06-29T14:18:19.761045+00:00" hostname="agent-env-03922afd-d95c-4977-a108-c6bea9603120"><testcase classname="backend.tests.test_iter26_search_voucher_extras.TestSearchGlobale" name="test_search_short_query_returns_empty" time="0.516" /><testcase classname="backend.tests.test_iter26_search_voucher_extras.TestSearchGlobale" name="test_search_anagrafiche_basic" time="0.055" /><testcase classname="backend.tests.test_iter26_search_voucher_extras.TestSearchGlobale" name="test_search_polizze_by_ramo" time="0.056" /><testcase classname="backend.tests.test_iter26_search_voucher_extras.TestSearchGlobale" name="test_search_compagnie" time="0.059" /><testcase classname="backend.tests.test_iter26_search_voucher_extras.TestVoucherDoppiaAssegnazione" name="test_assegna_solo_collaboratore" time="0.160" /><testcase classname="backend.tests.test_iter26_search_voucher_extras.TestVoucherDoppiaAssegnazione" name="test_assegna_entrambi" time="0.111" /><testcase classname="backend.tests.test_iter26_search_voucher_extras.TestVoucherDoppiaAssegnazione" name="test_assegna_nessuno_400" time="0.048" /><testcase classname="backend.tests.test_iter26_search_voucher_extras.TestVoucherDoppiaAssegnazione" name="test_list_voucher_arricchito" time="0.099" /><testcase classname="backend.tests.test_iter26_search_voucher_extras.TestRaccoltaDatiPotentiDomande" name="test_save_raccolta_dati" time="0.102" /><testcase classname="backend.tests.test_iter26_search_voucher_extras.TestRaccoltaDatiPotentiDomande" name="test_save_potenti_domande" time="0.047" /><testcase classname="backend.tests.test_iter26_search_voucher_extras.TestRaccoltaDatiPotentiDomande" name="test_raccolta_dati_anagrafica_inesistente" time="0.053" /><testcase classname="backend.tests.test_iter26_search_voucher_extras.TestStoricoAvvisiRegistra" name="test_registra_whatsapp_con_campi_extra" time="0.050" /><testcase classname="backend.tests.test_iter26_search_voucher_extras.TestStoricoAvvisiRegistra" name="test_registra_minimal_email" time="0.049" /><testcase classname="backend.tests.test_iter26_search_voucher_extras.TestStoricoAvvisiRegistra" name="test_list_storico_avvisi" time="0.054" /><testcase classname="backend.tests.test_iter26_search_voucher_extras.TestSaluteFiscale" name="test_get_salute_fiscale_vuota" time="0.055" /><testcase classname="backend.tests.test_iter26_search_voucher_extras.TestSaluteFiscale" name="test_get_salute_fiscale_404" time="0.061" /><testcase classname="backend.tests.test_iter26_search_voucher_extras.TestOcrEndpointsExist" name="test_cervello_ocr_bilancio_endpoint_exists" time="1.668" /><testcase classname="backend.tests.test_iter26_search_voucher_extras.TestOcrEndpointsExist" name="test_salute_fiscale_ocr_endpoint_exists" time="0.211" /><testcase classname="backend.tests.test_iter26_search_voucher_extras.TestLeadListeRHXImport" name="test_import_xlsx_rhx_multifoglio" time="0.232" /><testcase classname="backend.tests.test_iter26_search_voucher_extras.TestLibrerieModelli" name="test_crea_modello_con_nuovi_placeholder" time="0.101" /></testsuite></testsuites>