<?xml version="1.0" encoding="utf-8"?><testsuites name="pytest tests"><testsuite name="pytest" errors="0" failures="0" skipped="0" tests="124" time="26.506" timestamp="2026-06-26T08:53:56.746552+00:00" hostname="agent-env-03922afd-d95c-4977-a108-c6bea9603120"><testcase classname="tests.test_iter4_brogliaccio_columns.TestContiCassaRename" name="test_brogliaccio_conti_cassa_excludes_paypal_and_includes_pagamento_direzione" time="0.422" /><testcase classname="tests.test_iter4_brogliaccio_columns.TestContiCassaRename" name="test_librerie_conti_cassa_lists_pagamento_direzione_active" time="0.043" /><testcase classname="tests.test_iter4_brogliaccio_columns.TestSaldoTrattiene" name="test_saldo_trattiene_true_positive_and_false_negative" time="0.749" /><testcase classname="tests.test_iter4_brogliaccio_columns.TestPdfNoSontiRimesse" name="test_pdf_returns_bytes" time="0.480" /><testcase classname="tests.test_iter5_brogliaccio.TestSeedMigration" name="test_no_rid_direzione" time="0.362" /><testcase classname="tests.test_iter5_brogliaccio.TestSeedMigration" name="test_pagamento_direzione_present" time="0.043" /><testcase classname="tests.test_iter5_brogliaccio.TestSeedMigration" name="test_paypal_inactive_or_excluded_from_attivi" time="0.089" /><testcase classname="tests.test_iter5_brogliaccio.TestMovimentoConContoCassa" name="test_create_movimento_with_conto_persists" time="0.215" /><testcase classname="tests.test_iter15_dashboard_brogliaccio_sospesipdf.TestStampaTitoliSospesi" name="test_pdf_admin" time="0.766" /><testcase classname="tests.test_iter15_dashboard_brogliaccio_sospesipdf.TestStampaTitoliSospesi" name="test_pdf_with_collaboratore_filter" time="0.378" /><testcase classname="tests.test_iter15_dashboard_brogliaccio_sospesipdf.TestTitoliSospesiList" name="test_list_returns_200" time="0.046" /><testcase classname="tests.test_iter15_dashboard_brogliaccio_sospesipdf.TestMezziPagamento" name="test_attivi_true_list" time="0.046" /><testcase classname="tests.test_iter15_dashboard_brogliaccio_sospesipdf.TestBrogliaccioOutflowsNotInTotale" name="test_outflow_totale_zero" time="0.355" /><testcase classname="tests.test_iter15_dashboard_brogliaccio_sospesipdf.TestBrogliaccioOutflowsNotInTotale" name="test_totali_giornata_totale_is_incassi_only" time="0.304" /><testcase classname="tests.test_iter15_dashboard_brogliaccio_sospesipdf.TestBrogliaccioRegressionSpecialCats" name="test_rimessa_provv_giroconto_columns" time="0.469" /><testcase classname="tests.test_iter15_dashboard_brogliaccio_sospesipdf.TestGeocoding" name="test_geocode_existing_anagrafica" time="0.246" /><testcase classname="tests.test_iter17_p0_refactor" name="test_database_module_exists_and_exports_db" time="0.000" /><testcase classname="tests.test_iter17_p0_refactor" name="test_auth_no_longer_imports_from_server" time="0.000" /><testcase classname="tests.test_iter17_p0_refactor" name="test_server_imports_from_database" time="0.001" /><testcase classname="tests.test_iter17_p0_refactor" name="test_admin_login" time="0.386" /><testcase classname="tests.test_iter17_p0_refactor" name="test_anagrafiche_stats_categoria_split" time="0.049" /><testcase classname="tests.test_iter17_p0_refactor" name="test_dashboard_tasks_no_nameerror" time="0.047" /><testcase classname="tests.test_iter17_p0_refactor" name="test_contabilita_brogliaccio_smoke" time="0.080" /><testcase classname="tests.test_iter17_p0_refactor" name="test_contabilita_dati_compagnie_smoke" time="0.080" /><testcase classname="tests.test_iter17_p0_refactor" name="test_calcola_scadenza_titolo_helper" time="0.575" /><testcase classname="tests.test_iter17_p0_refactor" name="test_sostituisci_polizza_creates_titolo_with_scadenza" time="0.199" /><testcase classname="tests.test_iter17_p0_refactor" name="test_avvisi_pdf_bulk_no_nameerror" time="0.087" /><testcase classname="tests.test_iter17_p0_refactor" name="test_put_polizza_persists_new_edit_fields" time="0.286" /><testcase classname="tests.test_iter18_refactor_helpers.TestRefactoredHelpersPresence" name="test_brogliaccio_helpers_present" time="0.000" /><testcase classname="tests.test_iter18_refactor_helpers.TestRefactoredHelpersPresence" name="test_avvisi_scadenze_helpers_present" time="0.000" /><testcase classname="tests.test_iter18_refactor_helpers.TestRefactoredHelpersPresence" name="test_geocoder_helpers_present" time="0.000" /><testcase classname="tests.test_iter18_refactor_helpers.TestRefactoredHelpersPresence" name="test_inps_calculator_helpers_present" time="0.000" /><testcase classname="tests.test_iter18_refactor_helpers.TestRefactoredHelpersPresence" name="test_ania_importer_helpers_present" time="0.000" /><testcase classname="tests.test_iter18_refactor_helpers.TestInpsCalculatorRefactor" name="test_invalidita_basic" time="0.000" /><testcase classname="tests.test_iter18_refactor_helpers.TestInpsCalculatorRefactor" name="test_inabilita_basic" time="0.000" /><testcase classname="tests.test_iter18_refactor_helpers.TestInpsCalculatorRefactor" name="test_superstite_basic" time="0.000" /><testcase classname="tests.test_iter18_refactor_helpers.TestInpsCalculatorRefactor" name="test_aliquota_superstite" time="0.000" /><testcase classname="tests.test_iter18_refactor_helpers.TestBrogliaccioHelpers" name="test_classifica_movimento_returns_dict" time="0.000" /><testcase classname="tests.test_iter18_refactor_helpers.TestBrogliaccioHelpers" name="test_calcola_col_widths_int_input" time="0.000" /><testcase classname="tests.test_iter18_refactor_helpers.TestBrogliaccioEndpoint" name="test_brogliaccio_stampa_pdf" time="0.820" /><testcase classname="tests.test_iter18_refactor_helpers.TestBrogliaccioEndpoint" name="test_brogliaccio_json" time="0.075" /><testcase classname="tests.test_iter18_refactor_helpers.TestAvvisiScadenzeEndpoint" name="test_preview_returns_polizze_and_titoli" time="0.052" /><testcase classname="tests.test_iter18_refactor_helpers.TestAvvisiScadenzeEndpoint" name="test_preview_clamps_giorni" time="0.051" /><testcase classname="tests.test_iter18_refactor_helpers.TestAvvisiScadenzeEndpoint" name="test_esegui_avvisi_scadenze" time="0.060" /><testcase classname="tests.test_iter18_refactor_helpers.TestGeoSuggest" name="test_geo_suggest_milano" time="0.113" /><testcase classname="tests.test_iter18_refactor_helpers.TestGeoSuggest" name="test_geo_suggest_short_query" time="0.042" /><testcase classname="tests.test_iter18_refactor_helpers.TestPensioniFuture" name="test_calcola_pensioni_future_returns_pensioni_oggi" time="0.094" /><testcase classname="tests.test_iter18_refactor_helpers.TestAniaImportHttp" name="test_import_ania_zip_200" time="0.052" /><testcase classname="tests.test_iter18_refactor_helpers.TestSmoke" name="test_admin_login" time="0.348" /><testcase classname="tests.test_iter18_refactor_helpers.TestSmoke" name="test_anagrafiche_list" time="0.106" /><testcase classname="tests.test_iter18_refactor_helpers.TestSmoke" name="test_polizze_list" time="0.148" /><testcase classname="tests.test_iter18_refactor_helpers.TestSmoke" name="test_dashboard_tasks" time="0.048" /><testcase classname="tests.test_iter19_split_kpi" name="test_endpoint_200[/api/auth/me]" time="0.357" /><testcase classname="tests.test_iter19_split_kpi" name="test_endpoint_200[/api/anagrafiche/stats]" time="0.051" /><testcase classname="tests.test_iter19_split_kpi" name="test_endpoint_200[/api/dashboard/tasks]" time="0.048" /><testcase classname="tests.test_iter19_split_kpi" name="test_endpoint_200[/api/dashboard/links]" time="0.045" /><testcase classname="tests.test_iter19_split_kpi" name="test_endpoint_200[/api/polizze]" time="0.136" /><testcase classname="tests.test_iter19_split_kpi" name="test_endpoint_200[/api/titoli]" time="0.098" /><testcase classname="tests.test_iter19_split_kpi" name="test_endpoint_200[/api/contabilita/brogliaccio?data=2026-06-25]" time="0.079" /><testcase classname="tests.test_iter19_split_kpi" name="test_endpoint_200[/api/avvisi-scadenze/preview]" time="0.053" /><testcase classname="tests.test_iter19_split_kpi" name="test_endpoint_200[/api/anagrafiche/kpi-custom]" time="0.043" /><testcase classname="tests.test_iter19_split_kpi" name="test_dashboard_tasks_8_keys" time="0.046" /><testcase classname="tests.test_iter19_split_kpi" name="test_dashboard_links_crud" time="0.215" /><testcase classname="tests.test_iter19_split_kpi" name="test_ocr_libretto_route_reachable" time="11.274" /><testcase classname="tests.test_iter19_split_kpi" name="test_ocr_libretto_apply_route_reachable" time="0.048" /><testcase classname="tests.test_iter19_split_kpi" name="test_kpi_custom_crud" time="0.255" /><testcase classname="tests.test_iter19_split_kpi" name="test_kpi_custom_validation" time="0.086" /><testcase classname="tests.test_iter19_split_kpi" name="test_anagrafiche_stats_has_custom_array" time="0.177" /><testcase classname="tests.test_iter20_complexity_refactor.TestInpsCalculatorHelpers" name="test_all_inps_helpers_importable" time="0.000" /><testcase classname="tests.test_iter20_complexity_refactor.TestInpsCalculatorHelpers" name="test_estratto_state_initialised_with_expected_attrs" time="0.000" /><testcase classname="tests.test_iter20_complexity_refactor.TestAniaImporterHelpers" name="test_polizze_helpers_importable" time="0.000" /><testcase classname="tests.test_iter20_complexity_refactor.TestAniaImporterHelpers" name="test_veicolo_helpers_importable" time="0.000" /><testcase classname="tests.test_iter20_complexity_refactor.TestAniaImporterHelpers" name="test_build_dettagli_veicolo_merges_all_sections" time="0.000" /><testcase classname="tests.test_iter20_complexity_refactor.TestPdfAvvisiHelpers" name="test_pdf_avvisi_helpers_importable" time="0.000" /><testcase classname="tests.test_iter20_complexity_refactor.TestPdfAvvisiHelpers" name="test_build_styles_returns_dict" time="0.000" /><testcase classname="tests.test_iter20_complexity_refactor.TestPdfBrogliaccioHelpers" name="test_brogliaccio_helpers_importable" time="0.000" /><testcase classname="tests.test_iter20_complexity_refactor.TestPdfBrogliaccioHelpers" name="test_calcola_larghezze_proportional" time="0.000" /><testcase classname="tests.test_iter20_complexity_refactor.TestParseEstrattoContoInps" name="test_anagrafica_extracted" time="0.003" /><testcase classname="tests.test_iter20_complexity_refactor.TestParseEstrattoContoInps" name="test_periodi_contributivi_estratti" time="0.000" /><testcase classname="tests.test_iter20_complexity_refactor.TestParseEstrattoContoInps" name="test_settimane_e_anni_consolidati" time="0.000" /><testcase classname="tests.test_iter20_complexity_refactor.TestParseEstrattoContoInps" name="test_retribuzione_media_annua_positiva" time="0.000" /><testcase classname="tests.test_iter20_complexity_refactor.TestParseEstrattoContoInps" name="test_montante_stimato_calcolato" time="0.000" /><testcase classname="tests.test_iter20_complexity_refactor.TestParseEstrattoContoInps" name="test_empty_text_does_not_raise" time="0.000" /><testcase classname="tests.test_iter20_complexity_refactor.TestBrogliaccioStampaPdf" name="test_brogliaccio_stampa_returns_pdf" time="0.844" /><testcase classname="tests.test_iter20_complexity_refactor.TestNoBooleanIsAntipattern" name="test_no_is_true_or_is_false_in_iter_tests" time="0.004" /><testcase classname="tests.test_iter20_complexity_refactor" name="test_smoke_endpoints_200[/api/auth/me]" time="0.043" /><testcase classname="tests.test_iter20_complexity_refactor" name="test_smoke_endpoints_200[/api/anagrafiche/stats]" time="0.050" /><testcase classname="tests.test_iter20_complexity_refactor" name="test_smoke_endpoints_200[/api/dashboard/tasks]" time="0.051" /><testcase classname="tests.test_iter20_complexity_refactor" name="test_smoke_endpoints_200[/api/polizze]" time="0.134" /><testcase classname="tests.test_iter20_complexity_refactor" name="test_smoke_endpoints_200[/api/titoli]" time="0.100" /><testcase classname="tests.test_iter20_complexity_refactor" name="test_smoke_endpoints_200[/api/contabilita/brogliaccio?data=2026-06-25]" time="0.087" /><testcase classname="tests.test_iter20_complexity_refactor" name="test_smoke_endpoints_200[/api/avvisi-scadenze/preview]" time="0.079" /><testcase classname="tests.test_iter20_complexity_refactor" name="test_smoke_endpoints_200[/api/anagrafiche/kpi-custom]" time="0.044" /><testcase classname="tests.test_iter21_librerie_pdf_refactor" name="test_shared_has_intestazione_pdf" time="0.000" /><testcase classname="tests.test_iter21_librerie_pdf_refactor" name="test_server_intestazione_pdf_backcompat" time="0.000" /><testcase classname="tests.test_iter21_librerie_pdf_refactor" name="test_routes_librerie_module_exists" time="0.000" /><testcase classname="tests.test_iter21_librerie_pdf_refactor" name="test_librerie_get_endpoint_200[/librerie/banche]" time="0.360" /><testcase classname="tests.test_iter21_librerie_pdf_refactor" name="test_librerie_get_endpoint_200[/librerie/conti-cassa]" time="0.092" /><testcase classname="tests.test_iter21_librerie_pdf_refactor" name="test_librerie_get_endpoint_200[/librerie/mapping-garanzie]" time="0.042" /><testcase classname="tests.test_iter21_librerie_pdf_refactor" name="test_librerie_get_endpoint_200[/librerie/mapping-operatori]" time="0.044" /><testcase classname="tests.test_iter21_librerie_pdf_refactor" name="test_librerie_get_endpoint_200[/librerie/mezzi-pagamento]" time="0.042" /><testcase classname="tests.test_iter21_librerie_pdf_refactor" name="test_librerie_get_endpoint_200[/librerie/prodotti]" time="0.045" /><testcase classname="tests.test_iter21_librerie_pdf_refactor" name="test_librerie_get_endpoint_200[/librerie/rami]" time="0.043" /><testcase classname="tests.test_iter21_librerie_pdf_refactor" name="test_librerie_get_endpoint_200[/librerie/azienda]" time="0.043" /><testcase classname="tests.test_iter21_librerie_pdf_refactor" name="test_librerie_get_endpoint_200[/librerie/schema-provvigionale]" time="0.043" /><testcase classname="tests.test_iter21_librerie_pdf_refactor.TestBancheCrud" name="test_create_update_delete_banca" time="0.250" /><testcase classname="tests.test_iter21_librerie_pdf_refactor.TestMezziPagamentoCrud" name="test_create_update_delete_mezzo" time="0.131" /><testcase classname="tests.test_iter21_librerie_pdf_refactor.TestContiCassaCrud" name="test_create_update_delete_conto" time="0.136" /><testcase classname="tests.test_iter21_librerie_pdf_refactor.TestRamoCrud" name="test_create_update_delete_ramo" time="0.170" /><testcase classname="tests.test_iter21_librerie_pdf_refactor.TestProdottoCrud" name="test_create_update_delete_prodotto" time="0.741" /><testcase classname="tests.test_iter21_librerie_pdf_refactor" name="test_pdf_stampa_titoli_sospesi" time="0.479" /><testcase classname="tests.test_iter21_librerie_pdf_refactor" name="test_pdf_stampa_titoli" time="0.347" /><testcase classname="tests.test_iter21_librerie_pdf_refactor" name="test_module_type_hint_coverage[shared]" time="0.000" /><testcase classname="tests.test_iter21_librerie_pdf_refactor" name="test_module_type_hint_coverage[auth]" time="0.000" /><testcase classname="tests.test_iter21_librerie_pdf_refactor" name="test_module_type_hint_coverage[inps_calculator]" time="0.000" /><testcase classname="tests.test_iter21_librerie_pdf_refactor" name="test_module_type_hint_coverage[ania_importer]" time="0.000" /><testcase classname="tests.test_iter21_librerie_pdf_refactor" name="test_module_type_hint_coverage[brogliaccio]" time="0.000" /><testcase classname="tests.test_iter21_librerie_pdf_refactor" name="test_module_type_hint_coverage[avvisi_scadenze]" time="0.000" /><testcase classname="tests.test_iter21_librerie_pdf_refactor" name="test_module_type_hint_coverage[geocoder]" time="0.000" /><testcase classname="tests.test_iter21_librerie_pdf_refactor" name="test_module_type_hint_coverage[pdf_brogliaccio]" time="0.000" /><testcase classname="tests.test_iter21_librerie_pdf_refactor" name="test_module_type_hint_coverage[pdf_avvisi]" time="0.000" /><testcase classname="tests.test_iter21_librerie_pdf_refactor" name="test_routes_librerie_full_type_hints" time="0.001" /><testcase classname="tests.test_iter21_librerie_pdf_refactor" name="test_dashboard_tasks_returns_list" time="0.049" /><testcase classname="tests.test_iter21_librerie_pdf_refactor" name="test_dashboard_links_returns_list" time="0.083" /></testsuite></testsuites>