<?xml version="1.0" encoding="utf-8"?><testsuites name="pytest tests"><testsuite name="pytest" errors="0" failures="0" skipped="0" tests="7" time="6.078" timestamp="2026-07-22T16:02:33.811531+00:00" hostname="agent-env-83529fdd-e474-4935-b68f-1c14d1d5ac52"><testcase classname="backend.tests.test_iter37_visura_pf" name="test_status" time="1.002" /><testcase classname="backend.tests.test_iter37_visura_pf" name="test_company_lookup_by_piva" time="2.324" /><testcase classname="backend.tests.test_iter37_visura_pf" name="test_mello_exists_pf_with_cf" time="0.059" /><testcase classname="backend.tests.test_iter37_visura_pf" name="test_visura_on_pf_uses_cf" time="0.875" /><testcase classname="backend.tests.test_iter37_visura_pf" name="test_automotive_by_targa_cached_or_mock" time="0.061" /><testcase classname="backend.tests.test_iter37_visura_pf" name="test_risk_on_pf" time="0.349" /><testcase classname="backend.tests.test_iter37_visura_pf" name="test_company_on_pf_uses_cf" time="1.372" /></testsuite></testsuites>