<?xml version="1.0" encoding="utf-8"?><testsuites name="pytest tests"><testsuite name="pytest" errors="0" failures="0" skipped="0" tests="12" time="2.644" timestamp="2026-06-25T13:06:44.596052+00:00" hostname="agent-env-03922afd-d95c-4977-a108-c6bea9603120"><testcase classname="backend.tests.test_iter12_pdf_stampa" name="test_stampa_pagamento_provvigioni_ok" time="1.301" /><testcase classname="backend.tests.test_iter12_pdf_stampa" name="test_stampa_pagamento_provvigioni_404" time="0.045" /><testcase classname="backend.tests.test_iter12_pdf_stampa" name="test_stampa_rimessa_ok" time="0.334" /><testcase classname="backend.tests.test_iter12_pdf_stampa" name="test_stampa_rimessa_404_wrong_id" time="0.051" /><testcase classname="backend.tests.test_iter12_pdf_stampa" name="test_stampa_rimessa_404_wrong_categoria" time="0.125" /><testcase classname="backend.tests.test_iter12_pdf_stampa" name="test_stampa_titoli_selezionati_ok" time="0.400" /><testcase classname="backend.tests.test_iter12_pdf_stampa" name="test_stampa_titoli_selezionati_empty_400" time="0.044" /><testcase classname="backend.tests.test_iter12_pdf_stampa" name="test_stampa_titoli_selezionati_unknown_comp_404" time="0.051" /><testcase classname="backend.tests.test_iter12_pdf_stampa" name="test_list_pagamenti_includes_movimento_id_and_counts" time="0.045" /><testcase classname="backend.tests.test_iter12_pdf_stampa" name="test_rimesse_storico_enriched" time="0.051" /><testcase classname="backend.tests.test_iter12_pdf_stampa" name="test_provvigioni_endpoint_marks_titoli_as_gia_pagato" time="0.053" /><testcase classname="backend.tests.test_iter12_pdf_stampa" name="test_titoli_marked_pagato_alla_compagnia" time="0.058" /></testsuite></testsuites>