<?xml version="1.0" encoding="utf-8"?><testsuites name="pytest tests"><testsuite name="pytest" errors="0" failures="0" skipped="0" tests="28" time="2.930" timestamp="2026-06-23T16:54:27.289546+00:00" hostname="agent-env-03922afd-d95c-4977-a108-c6bea9603120"><testcase classname="backend.tests.test_iter2_features.TestVociManuali" name="test_create_voce_bonus" time="0.553" /><testcase classname="backend.tests.test_iter2_features.TestVociManuali" name="test_create_voce_trattenuta_negative" time="0.053" /><testcase classname="backend.tests.test_iter2_features.TestVociManuali" name="test_create_voce_missing_causale" time="0.047" /><testcase classname="backend.tests.test_iter2_features.TestVociManuali" name="test_create_voce_missing_importo" time="0.046" /><testcase classname="backend.tests.test_iter2_features.TestVociManuali" name="test_create_voce_collab_not_found" time="0.050" /><testcase classname="backend.tests.test_iter2_features.TestVociManuali" name="test_list_voci_manuali" time="0.056" /><testcase classname="backend.tests.test_iter2_features.TestVociManuali" name="test_list_voci_manuali_date_filter" time="0.046" /><testcase classname="backend.tests.test_iter2_features.TestVociManuali" name="test_estratto_provvigioni_includes_voci" time="0.048" /><testcase classname="backend.tests.test_iter2_features.TestVociManuali" name="test_paga_provvigioni_only_voci" time="0.050" /><testcase classname="backend.tests.test_iter2_features.TestVociManuali" name="test_voce_marked_paid_after_payment" time="0.043" /><testcase classname="backend.tests.test_iter2_features.TestVociManuali" name="test_cannot_delete_paid_voce" time="0.047" /><testcase classname="backend.tests.test_iter2_features.TestVociManuali" name="test_paga_provvigioni_empty_body_400" time="0.045" /><testcase classname="backend.tests.test_iter2_features.TestVociManuali" name="test_delete_unpaid_voce" time="0.093" /><testcase classname="backend.tests.test_iter2_features.TestVociManuali" name="test_delete_voce_not_found" time="0.044" /><testcase classname="backend.tests.test_iter2_features.TestRelazioni" name="test_add_coniuge_with_lavoratore" time="0.289" /><testcase classname="backend.tests.test_iter2_features.TestRelazioni" name="test_add_figlio_with_carico_handicap" time="0.092" /><testcase classname="backend.tests.test_iter2_features.TestRelazioni" name="test_patch_relazione_update_attrs" time="0.098" /><testcase classname="backend.tests.test_iter2_features.TestRelazioni" name="test_patch_relazione_not_found" time="0.047" /><testcase classname="backend.tests.test_iter2_features.TestPolizze" name="test_list_polizze_basic" time="0.074" /><testcase classname="backend.tests.test_iter2_features.TestPolizze" name="test_list_polizze_filter_stato" time="0.056" /><testcase classname="backend.tests.test_iter2_features.TestPolizze" name="test_list_polizze_in_scadenza" time="0.069" /><testcase classname="backend.tests.test_iter2_features.TestPolizze" name="test_list_polizze_scadute_da_range" time="0.053" /><testcase classname="backend.tests.test_iter2_features.TestPolizze" name="test_list_polizze_filter_compagnia_collab" time="0.095" /><testcase classname="backend.tests.test_iter2_features.TestPolizze" name="test_export_polizze_csv" time="0.072" /><testcase classname="backend.tests.test_iter2_features.TestPolizze" name="test_export_polizze_csv_with_filter" time="0.064" /><testcase classname="backend.tests.test_iter2_features.TestPolizze" name="test_export_polizze_xlsx" time="0.257" /><testcase classname="backend.tests.test_iter2_features.TestPolizze" name="test_stampa_polizze_pdf" time="0.107" /><testcase classname="backend.tests.test_iter2_features.TestPolizze" name="test_stampa_polizze_pdf_with_filters" time="0.224" /></testsuite></testsuites>