<?xml version="1.0" encoding="utf-8"?><testsuites name="pytest tests"><testsuite name="pytest" errors="0" failures="0" skipped="0" tests="4" time="0.912" timestamp="2026-06-23T18:30:28.363906+00:00" hostname="agent-env-03922afd-d95c-4977-a108-c6bea9603120"><testcase classname="backend.tests.test_iter5_brogliaccio.TestSeedMigration" name="test_no_rid_direzione" time="0.472" /><testcase classname="backend.tests.test_iter5_brogliaccio.TestSeedMigration" name="test_pagamento_direzione_present" time="0.050" /><testcase classname="backend.tests.test_iter5_brogliaccio.TestSeedMigration" name="test_paypal_inactive_or_excluded_from_attivi" time="0.096" /><testcase classname="backend.tests.test_iter5_brogliaccio.TestMovimentoConContoCassa" name="test_create_movimento_with_conto_persists" time="0.224" /></testsuite></testsuites>