<?xml version="1.0" encoding="utf-8"?><testsuites name="pytest tests"><testsuite name="pytest" errors="0" failures="0" skipped="0" tests="8" time="1.688" timestamp="2026-06-25T12:52:27.727601+00:00" hostname="agent-env-03922afd-d95c-4977-a108-c6bea9603120"><testcase classname="backend.tests.test_iter11_payment_history" name="test_incassa_without_conto_cassa" time="0.884" /><testcase classname="backend.tests.test_iter11_payment_history" name="test_paga_provvigioni_without_conto_cassa" time="0.050" /><testcase classname="backend.tests.test_iter11_payment_history" name="test_list_pagamenti_enriched" time="0.045" /><testcase classname="backend.tests.test_iter11_payment_history" name="test_get_pagamento_dettaglio" time="0.047" /><testcase classname="backend.tests.test_iter11_payment_history" name="test_get_pagamento_dettaglio_404" time="0.045" /><testcase classname="backend.tests.test_iter11_payment_history" name="test_allegato_upload_to_movimento" time="0.427" /><testcase classname="backend.tests.test_iter11_payment_history" name="test_paga_compagnia_without_conto_cassa" time="0.057" /><testcase classname="backend.tests.test_iter11_payment_history" name="test_rimesse_storico" time="0.049" /></testsuite></testsuites>