<?xml version="1.0" encoding="utf-8"?><testsuites name="pytest tests"><testsuite name="pytest" errors="0" failures="2" skipped="0" tests="16" time="2.164" timestamp="2026-06-25T22:03:23.527752+00:00" hostname="agent-env-03922afd-d95c-4977-a108-c6bea9603120"><testcase classname="backend.tests.test_iter19_split_kpi" name="test_endpoint_200[/api/auth/me]" time="0.471" /><testcase classname="backend.tests.test_iter19_split_kpi" name="test_endpoint_200[/api/anagrafiche/stats]" time="0.053" /><testcase classname="backend.tests.test_iter19_split_kpi" name="test_endpoint_200[/api/dashboard/tasks]" time="0.058" /><testcase classname="backend.tests.test_iter19_split_kpi" name="test_endpoint_200[/api/dashboard/links]" time="0.049" /><testcase classname="backend.tests.test_iter19_split_kpi" name="test_endpoint_200[/api/polizze]" time="0.171" /><testcase classname="backend.tests.test_iter19_split_kpi" name="test_endpoint_200[/api/titoli]" time="0.121" /><testcase classname="backend.tests.test_iter19_split_kpi" name="test_endpoint_200[/api/contabilita/brogliaccio?data=2026-06-25]" time="0.081" /><testcase classname="backend.tests.test_iter19_split_kpi" name="test_endpoint_200[/api/avvisi-scadenze/preview]" time="0.070" /><testcase classname="backend.tests.test_iter19_split_kpi" name="test_endpoint_200[/api/anagrafiche/kpi-custom]" time="0.047" /><testcase classname="backend.tests.test_iter19_split_kpi" name="test_dashboard_tasks_8_keys" time="0.053" /><testcase classname="backend.tests.test_iter19_split_kpi" name="test_dashboard_links_crud" time="0.395" /><testcase classname="backend.tests.test_iter19_split_kpi" name="test_ocr_libretto_route_reachable" time="0.000"><failure message="ValueError: non-hexadecimal number found in fromhex() arg at position 657">backend/tests/test_iter19_split_kpi.py:98: in test_ocr_libretto_route_reachable
    jpg = bytes.fromhex(
E   ValueError: non-hexadecimal number found in fromhex() arg at position 657</failure></testcase><testcase classname="backend.tests.test_iter19_split_kpi" name="test_ocr_libretto_apply_route_reachable" time="0.053" /><testcase classname="backend.tests.test_iter19_split_kpi" name="test_kpi_custom_crud" time="0.242" /><testcase classname="backend.tests.test_iter19_split_kpi" name="test_kpi_custom_validation" time="0.088" /><testcase classname="backend.tests.test_iter19_split_kpi" name="test_anagrafiche_stats_has_custom_array" time="0.150"><failure message="AssertionError: 'custom' array missing from /api/anagrafiche/stats. Keys: ['privati', 'aziende', 'condomini', 'parrocchie', 'totale']&#10;assert 'custom' in {'privati': {'n': 477, 'premio_totale': 0.0}, 'aziende': {'n': 6, 'premio_totale': 0.0}, 'condomini': {'n': 2, 'premio_totale': 0.0}, 'parrocchie': {'n': 11, 'premio_totale': 0.0}, ...}">backend/tests/test_iter19_split_kpi.py:194: in test_anagrafiche_stats_has_custom_array
    assert "custom" in data, \
E   AssertionError: 'custom' array missing from /api/anagrafiche/stats. Keys: ['privati', 'aziende', 'condomini', 'parrocchie', 'totale']
E   assert 'custom' in {'privati': {'n': 477, 'premio_totale': 0.0}, 'aziende': {'n': 6, 'premio_totale': 0.0}, 'condomini': {'n': 2, 'premio_totale': 0.0}, 'parrocchie': {'n': 11, 'premio_totale': 0.0}, ...}</failure></testcase></testsuite></testsuites>