<?xml version="1.0" encoding="utf-8"?><testsuites name="pytest tests"><testsuite name="pytest" errors="0" failures="0" skipped="0" tests="11" time="1.830" timestamp="2026-06-25T08:06:19.834396+00:00" hostname="agent-env-03922afd-d95c-4977-a108-c6bea9603120"><testcase classname="backend.tests.test_iter9_brogliaccio_kpi_cumulative.TestKpiShape" name="test_kpi_has_7_numeric_fields" time="0.405" /><testcase classname="backend.tests.test_iter9_brogliaccio_kpi_cumulative.TestKpiShape" name="test_liquidita_object_preserved" time="0.058" /><testcase classname="backend.tests.test_iter9_brogliaccio_kpi_cumulative.TestKpiCumulativeBasic" name="test_date_before_any_movement_is_all_zero" time="0.054" /><testcase classname="backend.tests.test_iter9_brogliaccio_kpi_cumulative.TestKpiCumulativeBasic" name="test_kpi_monotonic_non_decreasing" time="0.111" /><testcase classname="backend.tests.test_iter9_brogliaccio_kpi_cumulative.TestKpiCumulativeBasic" name="test_totali_giornata_is_daily_not_cumulative" time="0.114" /><testcase classname="backend.tests.test_iter9_brogliaccio_kpi_cumulative.TestKpiCumulativeConsistency" name="test_kpi_on_d1_matches_d1_movements" time="0.444" /><testcase classname="backend.tests.test_iter9_brogliaccio_kpi_cumulative.TestKpiCumulativeConsistency" name="test_kpi_on_d2_is_d1_plus_d2_delta" time="0.057" /><testcase classname="backend.tests.test_iter9_brogliaccio_kpi_cumulative.TestKpiCumulativeConsistency" name="test_totali_giornata_d2_only_d2" time="0.056" /><testcase classname="backend.tests.test_iter9_brogliaccio_kpi_cumulative.TestKpiCumulativeConsistency" name="test_d_between_d1_and_d2_equals_d1" time="0.111" /><testcase classname="backend.tests.test_iter9_brogliaccio_kpi_cumulative.TestKpiCumulativeConsistency" name="test_day_before_d1_has_no_d1_data" time="0.279" /><testcase classname="backend.tests.test_iter9_brogliaccio_kpi_cumulative.TestLiquiditaCumulative" name="test_liquidita_math_consistent" time="0.057" /></testsuite></testsuites>