<?xml version="1.0" encoding="utf-8"?><testsuites name="pytest tests"><testsuite name="pytest" errors="0" failures="0" skipped="0" tests="11" time="4.026" timestamp="2026-07-22T14:12:03.709315+00:00" hostname="agent-env-83529fdd-e474-4935-b68f-1c14d1d5ac52"><testcase classname="backend.tests.test_iter31_anagrafiche_duplicate.TestCheckDuplicate" name="test_check_dup_cf_existing_pf" time="0.498" /><testcase classname="backend.tests.test_iter31_anagrafiche_duplicate.TestCheckDuplicate" name="test_check_dup_piva_existing_pg" time="0.140" /><testcase classname="backend.tests.test_iter31_anagrafiche_duplicate.TestCheckDuplicate" name="test_check_dup_cf_not_existing" time="0.124" /><testcase classname="backend.tests.test_iter31_anagrafiche_duplicate.TestCheckDuplicate" name="test_check_dup_piva_not_existing" time="0.101" /><testcase classname="backend.tests.test_iter31_anagrafiche_duplicate.TestCheckDuplicate" name="test_check_dup_no_params" time="0.124" /><testcase classname="backend.tests.test_iter31_anagrafiche_duplicate.TestCheckDuplicate" name="test_check_dup_pg_priority_piva_over_cf" time="0.124" /><testcase classname="backend.tests.test_iter31_anagrafiche_duplicate.TestCheckDuplicate" name="test_check_dup_pf_priority_cf_over_piva" time="0.097" /><testcase classname="backend.tests.test_iter31_anagrafiche_duplicate.TestOverwriteAnagrafica" name="test_create_new_pf_no_dup_regression" time="0.225" /><testcase classname="backend.tests.test_iter31_anagrafiche_duplicate.TestOverwriteAnagrafica" name="test_overwrite_existing_by_id" time="1.498" /><testcase classname="backend.tests.test_iter31_anagrafiche_duplicate.TestOverwriteAnagrafica" name="test_overwrite_nonexistent_id_returns_404" time="0.145" /><testcase classname="backend.tests.test_iter31_anagrafiche_duplicate.TestOverwriteAnagrafica" name="test_overwrite_existing_pf_from_brief" time="0.906" /></testsuite></testsuites>