<?xml version="1.0" encoding="utf-8"?><testsuites name="pytest tests"><testsuite name="pytest" errors="0" failures="0" skipped="0" tests="12" time="1.895" timestamp="2026-06-25T21:03:25.183920+00:00" hostname="agent-env-03922afd-d95c-4977-a108-c6bea9603120"><testcase classname="test_iter17_p0_refactor" name="test_database_module_exists_and_exports_db" time="0.000" /><testcase classname="test_iter17_p0_refactor" name="test_auth_no_longer_imports_from_server" time="0.000" /><testcase classname="test_iter17_p0_refactor" name="test_server_imports_from_database" time="0.001" /><testcase classname="test_iter17_p0_refactor" name="test_admin_login" time="0.400" /><testcase classname="test_iter17_p0_refactor" name="test_anagrafiche_stats_categoria_split" time="0.050" /><testcase classname="test_iter17_p0_refactor" name="test_dashboard_tasks_no_nameerror" time="0.051" /><testcase classname="test_iter17_p0_refactor" name="test_contabilita_brogliaccio_smoke" time="0.086" /><testcase classname="test_iter17_p0_refactor" name="test_contabilita_dati_compagnie_smoke" time="0.071" /><testcase classname="test_iter17_p0_refactor" name="test_calcola_scadenza_titolo_helper" time="0.551" /><testcase classname="test_iter17_p0_refactor" name="test_sostituisci_polizza_creates_titolo_with_scadenza" time="0.180" /><testcase classname="test_iter17_p0_refactor" name="test_avvisi_pdf_bulk_no_nameerror" time="0.100" /><testcase classname="test_iter17_p0_refactor" name="test_put_polizza_persists_new_edit_fields" time="0.366" /></testsuite></testsuites>