<?xml version="1.0" encoding="utf-8"?><testsuites name="pytest tests"><testsuite name="pytest" errors="0" failures="0" skipped="0" tests="31" time="3.266" timestamp="2026-06-26T08:53:47.206844+00:00" hostname="agent-env-03922afd-d95c-4977-a108-c6bea9603120"><testcase classname="tests.test_iter21_librerie_pdf_refactor" name="test_shared_has_intestazione_pdf" time="0.183" /><testcase classname="tests.test_iter21_librerie_pdf_refactor" name="test_server_intestazione_pdf_backcompat" time="0.406" /><testcase classname="tests.test_iter21_librerie_pdf_refactor" name="test_routes_librerie_module_exists" time="0.000" /><testcase classname="tests.test_iter21_librerie_pdf_refactor" name="test_librerie_get_endpoint_200[/librerie/banche]" time="0.501" /><testcase classname="tests.test_iter21_librerie_pdf_refactor" name="test_librerie_get_endpoint_200[/librerie/conti-cassa]" time="0.046" /><testcase classname="tests.test_iter21_librerie_pdf_refactor" name="test_librerie_get_endpoint_200[/librerie/mapping-garanzie]" time="0.045" /><testcase classname="tests.test_iter21_librerie_pdf_refactor" name="test_librerie_get_endpoint_200[/librerie/mapping-operatori]" time="0.061" /><testcase classname="tests.test_iter21_librerie_pdf_refactor" name="test_librerie_get_endpoint_200[/librerie/mezzi-pagamento]" time="0.047" /><testcase classname="tests.test_iter21_librerie_pdf_refactor" name="test_librerie_get_endpoint_200[/librerie/prodotti]" time="0.045" /><testcase classname="tests.test_iter21_librerie_pdf_refactor" name="test_librerie_get_endpoint_200[/librerie/rami]" time="0.046" /><testcase classname="tests.test_iter21_librerie_pdf_refactor" name="test_librerie_get_endpoint_200[/librerie/azienda]" time="0.045" /><testcase classname="tests.test_iter21_librerie_pdf_refactor" name="test_librerie_get_endpoint_200[/librerie/schema-provvigionale]" time="0.049" /><testcase classname="tests.test_iter21_librerie_pdf_refactor.TestBancheCrud" name="test_create_update_delete_banca" time="0.227" /><testcase classname="tests.test_iter21_librerie_pdf_refactor.TestMezziPagamentoCrud" name="test_create_update_delete_mezzo" time="0.143" /><testcase classname="tests.test_iter21_librerie_pdf_refactor.TestContiCassaCrud" name="test_create_update_delete_conto" time="0.143" /><testcase classname="tests.test_iter21_librerie_pdf_refactor.TestRamoCrud" name="test_create_update_delete_ramo" time="0.137" /><testcase classname="tests.test_iter21_librerie_pdf_refactor.TestProdottoCrud" name="test_create_update_delete_prodotto" time="0.228" /><testcase classname="tests.test_iter21_librerie_pdf_refactor" name="test_pdf_stampa_titoli_sospesi" time="0.460" /><testcase classname="tests.test_iter21_librerie_pdf_refactor" name="test_pdf_stampa_titoli" time="0.324" /><testcase classname="tests.test_iter21_librerie_pdf_refactor" name="test_module_type_hint_coverage[shared]" time="0.000" /><testcase classname="tests.test_iter21_librerie_pdf_refactor" name="test_module_type_hint_coverage[auth]" time="0.000" /><testcase classname="tests.test_iter21_librerie_pdf_refactor" name="test_module_type_hint_coverage[inps_calculator]" time="0.000" /><testcase classname="tests.test_iter21_librerie_pdf_refactor" name="test_module_type_hint_coverage[ania_importer]" time="0.000" /><testcase classname="tests.test_iter21_librerie_pdf_refactor" name="test_module_type_hint_coverage[brogliaccio]" time="0.000" /><testcase classname="tests.test_iter21_librerie_pdf_refactor" name="test_module_type_hint_coverage[avvisi_scadenze]" time="0.000" /><testcase classname="tests.test_iter21_librerie_pdf_refactor" name="test_module_type_hint_coverage[geocoder]" time="0.000" /><testcase classname="tests.test_iter21_librerie_pdf_refactor" name="test_module_type_hint_coverage[pdf_brogliaccio]" time="0.000" /><testcase classname="tests.test_iter21_librerie_pdf_refactor" name="test_module_type_hint_coverage[pdf_avvisi]" time="0.001" /><testcase classname="tests.test_iter21_librerie_pdf_refactor" name="test_routes_librerie_full_type_hints" time="0.001" /><testcase classname="tests.test_iter21_librerie_pdf_refactor" name="test_dashboard_tasks_returns_list" time="0.051" /><testcase classname="tests.test_iter21_librerie_pdf_refactor" name="test_dashboard_links_returns_list" time="0.046" /></testsuite></testsuites>