<?xml version="1.0" encoding="utf-8"?><testsuites name="pytest tests"><testsuite name="pytest" errors="0" failures="0" skipped="0" tests="4" time="1.518" timestamp="2026-06-23T18:20:49.289306+00:00" hostname="agent-env-03922afd-d95c-4977-a108-c6bea9603120"><testcase classname="backend.tests.test_iter4_brogliaccio_columns.TestContiCassaRename" name="test_brogliaccio_conti_cassa_excludes_paypal_and_includes_pagamento_direzione" time="0.492" /><testcase classname="backend.tests.test_iter4_brogliaccio_columns.TestContiCassaRename" name="test_librerie_conti_cassa_lists_pagamento_direzione_active" time="0.046" /><testcase classname="backend.tests.test_iter4_brogliaccio_columns.TestSaldoTrattiene" name="test_saldo_trattiene_true_positive_and_false_negative" time="0.800" /><testcase classname="backend.tests.test_iter4_brogliaccio_columns.TestPdfNoSontiRimesse" name="test_pdf_returns_bytes" time="0.116" /></testsuite></testsuites>