<?xml version="1.0" encoding="utf-8"?><testsuites name="pytest tests"><testsuite name="pytest" errors="0" failures="0" skipped="0" tests="17" time="3.016" timestamp="2026-06-23T17:48:43.213567+00:00" hostname="agent-env-03922afd-d95c-4977-a108-c6bea9603120"><testcase classname="backend.tests.test_iter3_brogliaccio.TestAziendaSmtp" name="test_put_azienda_smtp_fields_persist" time="0.617" /><testcase classname="backend.tests.test_iter3_brogliaccio.TestBrogliaccio" name="test_brogliaccio_structure" time="0.056" /><testcase classname="backend.tests.test_iter3_brogliaccio.TestBrogliaccio" name="test_brogliaccio_pdf" time="0.081" /><testcase classname="backend.tests.test_iter3_brogliaccio.TestBrogliaccio" name="test_brogliaccio_dynamic_conti_cassa" time="0.208" /><testcase classname="backend.tests.test_iter3_brogliaccio.TestBrogliaccio" name="test_riga_per_conto_populated" time="0.204" /><testcase classname="backend.tests.test_iter3_brogliaccio.TestChiusuraLifecycle" name="test_01_close_day" time="0.520" /><testcase classname="backend.tests.test_iter3_brogliaccio.TestChiusuraLifecycle" name="test_02_close_already_closed_400" time="0.048" /><testcase classname="backend.tests.test_iter3_brogliaccio.TestChiusuraLifecycle" name="test_03_put_movimento_rejected" time="0.056" /><testcase classname="backend.tests.test_iter3_brogliaccio.TestChiusuraLifecycle" name="test_04_delete_movimento_rejected" time="0.054" /><testcase classname="backend.tests.test_iter3_brogliaccio.TestChiusuraLifecycle" name="test_05_invia_no_email_config" time="0.202" /><testcase classname="backend.tests.test_iter3_brogliaccio.TestChiusuraLifecycle" name="test_06_list_chiusure" time="0.067" /><testcase classname="backend.tests.test_iter3_brogliaccio.TestChiusuraLifecycle" name="test_07_download_pdf" time="0.241" /><testcase classname="backend.tests.test_iter3_brogliaccio.TestChiusuraLifecycle" name="test_08_riapri_requires_motivo" time="0.059" /><testcase classname="backend.tests.test_iter3_brogliaccio.TestChiusuraLifecycle" name="test_09_riapri_success" time="0.121" /><testcase classname="backend.tests.test_iter3_brogliaccio.TestChiusuraLifecycle" name="test_10_put_movimento_after_riapri" time="0.105" /><testcase classname="backend.tests.test_iter3_brogliaccio.TestChiusuraLifecycle" name="test_11_cleanup_chiusura_record" time="0.226" /><testcase classname="backend.tests.test_iter3_brogliaccio.TestChiusuraEmpty" name="test_close_empty_day_400" time="0.052" /></testsuite></testsuites>