<?xml version="1.0" encoding="utf-8"?><testsuites name="pytest tests"><testsuite name="pytest" errors="0" failures="0" skipped="0" tests="9" time="1.164" timestamp="2026-06-29T15:19:52.910951+00:00" hostname="agent-env-03922afd-d95c-4977-a108-c6bea9603120"><testcase classname="backend.tests.test_iter27_documenti_mancanti_libro_matricola.TestDocumentiMancanti" name="test_returns_three_lists_and_totals" time="0.566" /><testcase classname="backend.tests.test_iter27_documenti_mancanti_libro_matricola.TestLibroMatricola" name="test_global_list_returns_array" time="0.058" /><testcase classname="backend.tests.test_iter27_documenti_mancanti_libro_matricola.TestLibroMatricola" name="test_query_filter_no_error" time="0.066" /><testcase classname="backend.tests.test_iter27_documenti_mancanti_libro_matricola.TestLibroMatricola" name="test_stato_attivo_filter_no_error" time="0.052" /><testcase classname="backend.tests.test_iter27_documenti_mancanti_libro_matricola.TestLibroMatricola" name="test_stato_cessato_filter_no_error" time="0.103" /><testcase classname="backend.tests.test_iter27_documenti_mancanti_libro_matricola.TestStoricoAvvisi" name="test_list_no_401_admin" time="0.063" /><testcase classname="backend.tests.test_iter27_documenti_mancanti_libro_matricola.TestStoricoAvvisi" name="test_registra_accepts_extra_fields" time="0.091" /><testcase classname="backend.tests.test_iter27_documenti_mancanti_libro_matricola.TestStoricoAvvisi" name="test_canale_filter" time="0.065" /><testcase classname="backend.tests.test_iter27_documenti_mancanti_libro_matricola.TestVoucherRegression" name="test_voucher_listing_includes_assegnato_fields" time="0.060" /></testsuite></testsuites>