<?xml version="1.0" encoding="utf-8"?><testsuites name="pytest tests"><testsuite name="pytest" errors="0" failures="0" skipped="0" tests="6" time="1.617" timestamp="2026-06-26T12:39:26.249826+00:00" hostname="agent-env-03922afd-d95c-4977-a108-c6bea9603120"><testcase classname="backend.tests.test_iter22_wizard_mapping_omnia" name="test_import_omnia_returns_unmapped" time="0.490" /><testcase classname="backend.tests.test_iter22_wizard_mapping_omnia" name="test_get_unmapped_groups_and_candidates" time="0.046" /><testcase classname="backend.tests.test_iter22_wizard_mapping_omnia" name="test_save_mapping_persists" time="0.173" /><testcase classname="backend.tests.test_iter22_wizard_mapping_omnia" name="test_apply_mappings_backfill" time="0.304" /><testcase classname="backend.tests.test_iter22_wizard_mapping_omnia" name="test_reimport_applies_ramo_mapping" time="0.094" /><testcase classname="backend.tests.test_iter22_wizard_mapping_omnia" name="test_zz_cleanup" time="0.476" /></testsuite></testsuites>