<?xml version="1.0" encoding="utf-8"?><testsuites name="pytest tests"><testsuite name="pytest" errors="0" failures="0" skipped="0" tests="11" time="3.431" timestamp="2026-07-22T14:46:30.963499+00:00" hostname="agent-env-83529fdd-e474-4935-b68f-1c14d1d5ac52"><testcase classname="backend.tests.test_iter33_delete_import.TestDeleteAnagrafica" name="test_delete_mello_without_force_returns_409" time="0.670" /><testcase classname="backend.tests.test_iter33_delete_import.TestDeleteAnagrafica" name="test_delete_non_existing_returns_404" time="0.120" /><testcase classname="backend.tests.test_iter33_delete_import.TestDeleteAnagrafica" name="test_create_then_delete_no_cascade" time="0.339" /><testcase classname="backend.tests.test_iter33_delete_import.TestImportPreview" name="test_preview_simple_csv_automapping" time="0.117" /><testcase classname="backend.tests.test_iter33_delete_import.TestImportPreview" name="test_preview_ambiguous_headers" time="0.130" /><testcase classname="backend.tests.test_iter33_delete_import.TestImportPreview" name="test_preview_duplicates_detection" time="0.130" /><testcase classname="backend.tests.test_iter33_delete_import.TestImportExecute" name="test_execute_skip_policy_creates_new" time="0.660" /><testcase classname="backend.tests.test_iter33_delete_import.TestImportExecute" name="test_execute_ignore_field" time="0.837" /><testcase classname="backend.tests.test_iter33_delete_import.TestRegression" name="test_check_duplicate_iter31" time="0.139" /><testcase classname="backend.tests.test_iter33_delete_import.TestRegression" name="test_iban_lookup_iter30" time="0.132" /><testcase classname="backend.tests.test_iter33_delete_import.TestRegression" name="test_openapi_it_smoke_iter30" time="0.116" /></testsuite></testsuites>