<?xml version="1.0" encoding="utf-8"?><testsuites name="pytest tests"><testsuite name="pytest" errors="0" failures="0" skipped="0" tests="15" time="2.925" timestamp="2026-06-25T07:55:49.074233+00:00" hostname="agent-env-03922afd-d95c-4977-a108-c6bea9603120"><testcase classname="backend.tests.test_iter8_dati_compagnie.TestDatiCompagnieEndpoint" name="test_returns_200_and_shape" time="0.483" /><testcase classname="backend.tests.test_iter8_dati_compagnie.TestDatiCompagnieEndpoint" name="test_row_fields_and_types" time="0.064" /><testcase classname="backend.tests.test_iter8_dati_compagnie.TestDatiCompagnieEndpoint" name="test_sorted_by_abs_saldo_desc" time="0.068" /><testcase classname="backend.tests.test_iter8_dati_compagnie.TestDatiCompagnieEndpoint" name="test_skips_zero_compagnie" time="0.065" /><testcase classname="backend.tests.test_iter8_dati_compagnie.TestIncassiNettiMath" name="test_netti_formula" time="0.069" /><testcase classname="backend.tests.test_iter8_dati_compagnie.TestIncassiNettiMath" name="test_allianz_specific" time="0.070" /><testcase classname="backend.tests.test_iter8_dati_compagnie.TestIncassiNettiMath" name="test_totali_match_sum_of_rows" time="0.066" /><testcase classname="backend.tests.test_iter8_dati_compagnie.TestPeriodFilter" name="test_saldo_attuale_cumulative_invariant" time="0.145" /><testcase classname="backend.tests.test_iter8_dati_compagnie.TestPeriodFilter" name="test_period_zero_window_reduces_incassi" time="0.068" /><testcase classname="backend.tests.test_iter8_dati_compagnie.TestPeriodFilter" name="test_period_echoed_in_response" time="0.065" /><testcase classname="backend.tests.test_iter8_dati_compagnie.TestStampaPDF" name="test_pdf_returns_application_pdf" time="0.498" /><testcase classname="backend.tests.test_iter8_dati_compagnie.TestStampaPDF" name="test_pdf_with_period" time="0.272" /><testcase classname="backend.tests.test_iter8_dati_compagnie.TestPermissions" name="test_unauthenticated_blocked" time="0.091" /><testcase classname="backend.tests.test_iter8_dati_compagnie.TestPermissions" name="test_cliente_role_blocked" time="0.410" /><testcase classname="backend.tests.test_iter8_dati_compagnie.TestPermissions" name="test_dipendente_allowed" time="0.426" /></testsuite></testsuites>