<?xml version="1.0" encoding="utf-8"?><testsuites name="pytest tests"><testsuite name="pytest" errors="0" failures="0" skipped="0" tests="10" time="9.061" timestamp="2026-07-22T15:09:51.908913+00:00" hostname="agent-env-83529fdd-e474-4935-b68f-1c14d1d5ac52"><testcase classname="tests.test_iter34_openapi_it_live.TestOpenApiStatus" name="test_status_live_with_credit" time="1.066" /><testcase classname="tests.test_iter34_openapi_it_live.TestOpenApiStatus" name="test_status_does_not_leak_client_secret" time="0.489" /><testcase classname="tests.test_iter34_openapi_it_live.TestCompanyLookupDirect" name="test_company_lookup_openapi_spa" time="1.712" /><testcase classname="tests.test_iter34_openapi_it_live.TestCompanyLookupDirect" name="test_company_lookup_invalid_piva" time="0.075" /><testcase classname="tests.test_iter34_openapi_it_live.TestCompanySaveToAnagrafica" name="test_post_company_libera_saves_openapi_data" time="1.588" /><testcase classname="tests.test_iter34_openapi_it_live.TestCadastreVehiclesMock" name="test_cadastre_returns_mock" time="0.098" /><testcase classname="tests.test_iter34_openapi_it_live.TestCadastreVehiclesMock" name="test_vehicles_returns_mock" time="0.090" /><testcase classname="tests.test_iter34_openapi_it_live.TestVisura" name="test_visura_does_not_return_500" time="0.879" /><testcase classname="tests.test_iter34_openapi_it_live.TestTokenCache" name="test_two_consecutive_lookups_are_fast" time="2.941" /><testcase classname="tests.test_iter34_openapi_it_live.TestRegressionCheckDuplicate" name="test_check_duplicate_mello" time="0.080" /></testsuite></testsuites>