<?xml version="1.0" encoding="utf-8"?><testsuites name="pytest tests"><testsuite name="pytest" errors="0" failures="0" skipped="1" tests="18" time="2.251" timestamp="2026-06-29T13:24:18.824017+00:00" hostname="agent-env-03922afd-d95c-4977-a108-c6bea9603120"><testcase classname="tests.test_iter25_agenzie_commerciale_setup_inbox.TestAgenzie" name="test_list_agenzie" time="0.433" /><testcase classname="tests.test_iter25_agenzie_commerciale_setup_inbox.TestAgenzie" name="test_create_partner" time="0.047" /><testcase classname="tests.test_iter25_agenzie_commerciale_setup_inbox.TestAgenzie" name="test_get_partner_compagnie" time="0.050" /><testcase classname="tests.test_iter25_agenzie_commerciale_setup_inbox.TestTrattative" name="test_list" time="0.056" /><testcase classname="tests.test_iter25_agenzie_commerciale_setup_inbox.TestTrattative" name="test_create_returns_anagrafica_nome" time="0.101" /><testcase classname="tests.test_iter25_agenzie_commerciale_setup_inbox.TestRitenuteCompagnia" name="test_blocca_collaborazione" time="0.093" /><testcase classname="tests.test_iter25_agenzie_commerciale_setup_inbox.TestRitenuteCompagnia" name="test_full_flow" time="0.242" /><testcase classname="tests.test_iter25_agenzie_commerciale_setup_inbox.TestFatturePartner" name="test_create_calcola_netto" time="0.100" /><testcase classname="tests.test_iter25_agenzie_commerciale_setup_inbox.TestFatturePartner" name="test_partite" time="0.047" /><testcase classname="tests.test_iter25_agenzie_commerciale_setup_inbox.TestISA" name="test_isa_due_basi" time="0.138" /><testcase classname="tests.test_iter25_agenzie_commerciale_setup_inbox.TestSetupIniziale" name="test_full_setup" time="0.289" /><testcase classname="tests.test_iter25_agenzie_commerciale_setup_inbox.TestDocumentiInbox" name="test_lista" time="0.052" /><testcase classname="tests.test_iter25_agenzie_commerciale_setup_inbox.TestLeadListe" name="test_lista" time="0.045" /><testcase classname="tests.test_iter25_agenzie_commerciale_setup_inbox.TestLeadListe" name="test_import_csv" time="0.143" /><testcase classname="tests.test_iter25_agenzie_commerciale_setup_inbox.TestScambio" name="test_log" time="0.054" /><testcase classname="tests.test_iter25_agenzie_commerciale_setup_inbox.TestScambio" name="test_preview" time="0.051" /><testcase classname="tests.test_iter25_agenzie_commerciale_setup_inbox.TestPagaProvvigioni" name="test_auto_ritenuta" time="0.164"><skipped type="pytest.skip" message="Paga-provvigioni non eseguibile: {&quot;detail&quot;:&quot;Seleziona almeno un titolo o una voce manuale&quot;}">/app/backend/tests/test_iter25_agenzie_commerciale_setup_inbox.py:321: Paga-provvigioni non eseguibile: {"detail":"Seleziona almeno un titolo o una voce manuale"}</skipped></testcase><testcase classname="tests.test_iter25_agenzie_commerciale_setup_inbox" name="test_zz_cleanup" time="0.094" /></testsuite></testsuites>