<?xml version="1.0" encoding="utf-8"?><testsuites name="pytest tests"><testsuite name="pytest" errors="0" failures="1" skipped="0" tests="68" time="21.734" timestamp="2026-06-25T22:05:29.969977+00:00" hostname="agent-env-03922afd-d95c-4977-a108-c6bea9603120"><testcase classname="backend.tests.test_iter19_split_kpi" name="test_endpoint_200[/api/auth/me]" time="0.392" /><testcase classname="backend.tests.test_iter19_split_kpi" name="test_endpoint_200[/api/anagrafiche/stats]" time="0.052" /><testcase classname="backend.tests.test_iter19_split_kpi" name="test_endpoint_200[/api/dashboard/tasks]" time="0.056" /><testcase classname="backend.tests.test_iter19_split_kpi" name="test_endpoint_200[/api/dashboard/links]" time="0.053" /><testcase classname="backend.tests.test_iter19_split_kpi" name="test_endpoint_200[/api/polizze]" time="0.137" /><testcase classname="backend.tests.test_iter19_split_kpi" name="test_endpoint_200[/api/titoli]" time="0.098" /><testcase classname="backend.tests.test_iter19_split_kpi" name="test_endpoint_200[/api/contabilita/brogliaccio?data=2026-06-25]" time="0.076" /><testcase classname="backend.tests.test_iter19_split_kpi" name="test_endpoint_200[/api/avvisi-scadenze/preview]" time="0.058" /><testcase classname="backend.tests.test_iter19_split_kpi" name="test_endpoint_200[/api/anagrafiche/kpi-custom]" time="0.045" /><testcase classname="backend.tests.test_iter19_split_kpi" name="test_dashboard_tasks_8_keys" time="0.049" /><testcase classname="backend.tests.test_iter19_split_kpi" name="test_dashboard_links_crud" time="0.262" /><testcase classname="backend.tests.test_iter19_split_kpi" name="test_ocr_libretto_route_reachable" time="11.391" /><testcase classname="backend.tests.test_iter19_split_kpi" name="test_ocr_libretto_apply_route_reachable" time="0.058" /><testcase classname="backend.tests.test_iter19_split_kpi" name="test_kpi_custom_crud" time="0.228" /><testcase classname="backend.tests.test_iter19_split_kpi" name="test_kpi_custom_validation" time="0.093" /><testcase classname="backend.tests.test_iter19_split_kpi" name="test_anagrafiche_stats_has_custom_array" time="0.158"><failure message="AssertionError: 'custom' array missing from /api/anagrafiche/stats. Keys: ['privati', 'aziende', 'condomini', 'parrocchie', 'totale']&#10;assert 'custom' in {'privati': {'n': 477, 'premio_totale': 0.0}, 'aziende': {'n': 6, 'premio_totale': 0.0}, 'condomini': {'n': 2, 'premio_totale': 0.0}, 'parrocchie': {'n': 11, 'premio_totale': 0.0}, ...}">E   AssertionError: 'custom' array missing from /api/anagrafiche/stats. Keys: ['privati', 'aziende', 'condomini', 'parrocchie', 'totale']
    assert 'custom' in {'privati': {'n': 477, 'premio_totale': 0.0}, 'aziende': {'n': 6, 'premio_totale': 0.0}, 'condomini': {'n': 2, 'premio_totale': 0.0}, 'parrocchie': {'n': 11, 'premio_totale': 0.0}, ...}</failure></testcase><testcase classname="backend.tests.test_iter4_brogliaccio_columns.TestContiCassaRename" name="test_brogliaccio_conti_cassa_excludes_paypal_and_includes_pagamento_direzione" time="0.432" /><testcase classname="backend.tests.test_iter4_brogliaccio_columns.TestContiCassaRename" name="test_librerie_conti_cassa_lists_pagamento_direzione_active" time="0.053" /><testcase classname="backend.tests.test_iter4_brogliaccio_columns.TestSaldoTrattiene" name="test_saldo_trattiene_true_positive_and_false_negative" time="0.750" /><testcase classname="backend.tests.test_iter4_brogliaccio_columns.TestPdfNoSontiRimesse" name="test_pdf_returns_bytes" time="0.409" /><testcase classname="backend.tests.test_iter5_brogliaccio.TestSeedMigration" name="test_no_rid_direzione" time="0.368" /><testcase classname="backend.tests.test_iter5_brogliaccio.TestSeedMigration" name="test_pagamento_direzione_present" time="0.049" /><testcase classname="backend.tests.test_iter5_brogliaccio.TestSeedMigration" name="test_paypal_inactive_or_excluded_from_attivi" time="0.094" /><testcase classname="backend.tests.test_iter5_brogliaccio.TestMovimentoConContoCassa" name="test_create_movimento_with_conto_persists" time="0.225" /><testcase classname="backend.tests.test_iter15_dashboard_brogliaccio_sospesipdf.TestStampaTitoliSospesi" name="test_pdf_admin" time="0.675" /><testcase classname="backend.tests.test_iter15_dashboard_brogliaccio_sospesipdf.TestStampaTitoliSospesi" name="test_pdf_with_collaboratore_filter" time="0.307" /><testcase classname="backend.tests.test_iter15_dashboard_brogliaccio_sospesipdf.TestTitoliSospesiList" name="test_list_returns_200" time="0.048" /><testcase classname="backend.tests.test_iter15_dashboard_brogliaccio_sospesipdf.TestMezziPagamento" name="test_attivi_true_list" time="0.045" /><testcase classname="backend.tests.test_iter15_dashboard_brogliaccio_sospesipdf.TestBrogliaccioOutflowsNotInTotale" name="test_outflow_totale_zero" time="0.364" /><testcase classname="backend.tests.test_iter15_dashboard_brogliaccio_sospesipdf.TestBrogliaccioOutflowsNotInTotale" name="test_totali_giornata_totale_is_incassi_only" time="0.311" /><testcase classname="backend.tests.test_iter15_dashboard_brogliaccio_sospesipdf.TestBrogliaccioRegressionSpecialCats" name="test_rimessa_provv_giroconto_columns" time="0.361" /><testcase classname="backend.tests.test_iter15_dashboard_brogliaccio_sospesipdf.TestGeocoding" name="test_geocode_existing_anagrafica" time="0.216" /><testcase classname="backend.tests.test_iter17_p0_refactor" name="test_database_module_exists_and_exports_db" time="0.000" /><testcase classname="backend.tests.test_iter17_p0_refactor" name="test_auth_no_longer_imports_from_server" time="0.000" /><testcase classname="backend.tests.test_iter17_p0_refactor" name="test_server_imports_from_database" time="0.001" /><testcase classname="backend.tests.test_iter17_p0_refactor" name="test_admin_login" time="0.370" /><testcase classname="backend.tests.test_iter17_p0_refactor" name="test_anagrafiche_stats_categoria_split" time="0.049" /><testcase classname="backend.tests.test_iter17_p0_refactor" name="test_dashboard_tasks_no_nameerror" time="0.048" /><testcase classname="backend.tests.test_iter17_p0_refactor" name="test_contabilita_brogliaccio_smoke" time="0.083" /><testcase classname="backend.tests.test_iter17_p0_refactor" name="test_contabilita_dati_compagnie_smoke" time="0.075" /><testcase classname="backend.tests.test_iter17_p0_refactor" name="test_calcola_scadenza_titolo_helper" time="0.538" /><testcase classname="backend.tests.test_iter17_p0_refactor" name="test_sostituisci_polizza_creates_titolo_with_scadenza" time="0.178" /><testcase classname="backend.tests.test_iter17_p0_refactor" name="test_avvisi_pdf_bulk_no_nameerror" time="0.093" /><testcase classname="backend.tests.test_iter17_p0_refactor" name="test_put_polizza_persists_new_edit_fields" time="0.290" /><testcase classname="backend.tests.test_iter18_refactor_helpers.TestRefactoredHelpersPresence" name="test_brogliaccio_helpers_present" time="0.000" /><testcase classname="backend.tests.test_iter18_refactor_helpers.TestRefactoredHelpersPresence" name="test_avvisi_scadenze_helpers_present" time="0.000" /><testcase classname="backend.tests.test_iter18_refactor_helpers.TestRefactoredHelpersPresence" name="test_geocoder_helpers_present" time="0.000" /><testcase classname="backend.tests.test_iter18_refactor_helpers.TestRefactoredHelpersPresence" name="test_inps_calculator_helpers_present" time="0.000" /><testcase classname="backend.tests.test_iter18_refactor_helpers.TestRefactoredHelpersPresence" name="test_ania_importer_helpers_present" time="0.000" /><testcase classname="backend.tests.test_iter18_refactor_helpers.TestInpsCalculatorRefactor" name="test_invalidita_basic" time="0.000" /><testcase classname="backend.tests.test_iter18_refactor_helpers.TestInpsCalculatorRefactor" name="test_inabilita_basic" time="0.000" /><testcase classname="backend.tests.test_iter18_refactor_helpers.TestInpsCalculatorRefactor" name="test_superstite_basic" time="0.000" /><testcase classname="backend.tests.test_iter18_refactor_helpers.TestInpsCalculatorRefactor" name="test_aliquota_superstite" time="0.000" /><testcase classname="backend.tests.test_iter18_refactor_helpers.TestBrogliaccioHelpers" name="test_classifica_movimento_returns_dict" time="0.000" /><testcase classname="backend.tests.test_iter18_refactor_helpers.TestBrogliaccioHelpers" name="test_calcola_col_widths_int_input" time="0.000" /><testcase classname="backend.tests.test_iter18_refactor_helpers.TestBrogliaccioEndpoint" name="test_brogliaccio_stampa_pdf" time="0.777" /><testcase classname="backend.tests.test_iter18_refactor_helpers.TestBrogliaccioEndpoint" name="test_brogliaccio_json" time="0.083" /><testcase classname="backend.tests.test_iter18_refactor_helpers.TestAvvisiScadenzeEndpoint" name="test_preview_returns_polizze_and_titoli" time="0.062" /><testcase classname="backend.tests.test_iter18_refactor_helpers.TestAvvisiScadenzeEndpoint" name="test_preview_clamps_giorni" time="0.057" /><testcase classname="backend.tests.test_iter18_refactor_helpers.TestAvvisiScadenzeEndpoint" name="test_esegui_avvisi_scadenze" time="0.060" /><testcase classname="backend.tests.test_iter18_refactor_helpers.TestGeoSuggest" name="test_geo_suggest_milano" time="0.109" /><testcase classname="backend.tests.test_iter18_refactor_helpers.TestGeoSuggest" name="test_geo_suggest_short_query" time="0.049" /><testcase classname="backend.tests.test_iter18_refactor_helpers.TestPensioniFuture" name="test_calcola_pensioni_future_returns_pensioni_oggi" time="0.132" /><testcase classname="backend.tests.test_iter18_refactor_helpers.TestAniaImportHttp" name="test_import_ania_zip_200" time="0.055" /><testcase classname="backend.tests.test_iter18_refactor_helpers.TestSmoke" name="test_admin_login" time="0.358" /><testcase classname="backend.tests.test_iter18_refactor_helpers.TestSmoke" name="test_anagrafiche_list" time="0.112" /><testcase classname="backend.tests.test_iter18_refactor_helpers.TestSmoke" name="test_polizze_list" time="0.132" /><testcase classname="backend.tests.test_iter18_refactor_helpers.TestSmoke" name="test_dashboard_tasks" time="0.052" /></testsuite></testsuites>