<?xml version="1.0" encoding="utf-8"?><testsuites name="pytest tests"><testsuite name="pytest" errors="0" failures="0" skipped="0" tests="6" time="0.822" timestamp="2026-06-25T07:46:22.139849+00:00" hostname="agent-env-03922afd-d95c-4977-a108-c6bea9603120"><testcase classname="backend.tests.test_iter7_brogliaccio_liquidita.TestBrogliaccioLiquidita" name="test_response_has_riepilogo_kpi_with_7_fields" time="0.456" /><testcase classname="backend.tests.test_iter7_brogliaccio_liquidita.TestBrogliaccioLiquidita" name="test_response_has_liquidita_object_with_required_fields" time="0.061" /><testcase classname="backend.tests.test_iter7_brogliaccio_liquidita.TestBrogliaccioLiquidita" name="test_liquidita_math_is_correct" time="0.067" /><testcase classname="backend.tests.test_iter7_brogliaccio_liquidita.TestBrogliaccioLiquidita" name="test_saldo_cassa_compagnie_is_cumulative" time="0.055" /><testcase classname="backend.tests.test_iter7_brogliaccio_liquidita.TestBrogliaccioLiquidita" name="test_saldi_compagnie_still_present" time="0.061" /><testcase classname="backend.tests.test_iter7_brogliaccio_liquidita.TestBrogliaccioLiquidita" name="test_past_date_also_returns_liquidita" time="0.056" /></testsuite></testsuites>