<?xml version="1.0" encoding="utf-8"?><testsuites name="pytest tests"><testsuite name="pytest" errors="0" failures="0" skipped="0" tests="7" time="1.528" timestamp="2026-06-25T08:29:01.506071+00:00" hostname="agent-env-03922afd-d95c-4977-a108-c6bea9603120"><testcase classname="backend.tests.test_iter10_sospesi_sync.TestSospesiSync" name="test_brogliaccio_kpi_matches_titoli_sospesi" time="0.502" /><testcase classname="backend.tests.test_iter10_sospesi_sync.TestIncassoSconto" name="test_incasso_partial_sconto_creates_uscita" time="0.283" /><testcase classname="backend.tests.test_iter10_sospesi_sync.TestIncassoSospeso" name="test_incasso_partial_sospeso_creates_residuo_titolo" time="0.270" /><testcase classname="backend.tests.test_iter10_sospesi_sync.TestIncassoValidation" name="test_invalid_tipo_chiusura_returns_400" time="0.220" /><testcase classname="backend.tests.test_iter10_sospesi_sync.TestAvvisiScadenze" name="test_preview_returns_structure" time="0.068" /><testcase classname="backend.tests.test_iter10_sospesi_sync.TestAvvisiScadenze" name="test_esegui_returns_ok_false_when_smtp_missing" time="0.060" /><testcase classname="backend.tests.test_iter10_sospesi_sync.TestAvvisiScadenze" name="test_log_endpoint_returns_list" time="0.046" /></testsuite></testsuites>