<?xml version="1.0" encoding="utf-8"?><testsuites name="pytest tests"><testsuite name="pytest" errors="0" failures="0" skipped="0" tests="10" time="2.342" timestamp="2026-06-27T13:02:10.260260+00:00" hostname="agent-env-03922afd-d95c-4977-a108-c6bea9603120"><testcase classname="backend.tests.test_iter23_lettera_abbuono_tipi_pagamento.TestTipiPagamento" name="test_list_seeded" time="0.490" /><testcase classname="backend.tests.test_iter23_lettera_abbuono_tipi_pagamento.TestTipiPagamento" name="test_create_update_delete" time="0.230" /><testcase classname="backend.tests.test_iter23_lettera_abbuono_tipi_pagamento.TestTipiPagamento" name="test_create_validation" time="0.049" /><testcase classname="backend.tests.test_iter23_lettera_abbuono_tipi_pagamento.TestContiCassaFlags" name="test_create_with_flags" time="0.253" /><testcase classname="backend.tests.test_iter23_lettera_abbuono_tipi_pagamento.TestNoPagination" name="test_polizze_default_limit" time="0.198" /><testcase classname="backend.tests.test_iter23_lettera_abbuono_tipi_pagamento.TestNoPagination" name="test_titoli_default_limit" time="0.128" /><testcase classname="backend.tests.test_iter23_lettera_abbuono_tipi_pagamento.TestLetteraAbbuono" name="test_incasso_sconto_creates_lettera" time="0.384" /><testcase classname="backend.tests.test_iter23_lettera_abbuono_tipi_pagamento.TestLetteraAbbuono" name="test_firma_operatore_then_cliente" time="0.431" /><testcase classname="backend.tests.test_iter23_lettera_abbuono_tipi_pagamento.TestLetteraAbbuono" name="test_firma_validation" time="0.091" /><testcase classname="backend.tests.test_iter23_lettera_abbuono_tipi_pagamento.TestZZCleanup" name="test_cleanup_lettera" time="0.043" /></testsuite></testsuites>