<?xml version="1.0" encoding="utf-8"?><testsuites name="pytest tests"><testsuite name="pytest" errors="0" failures="0" skipped="0" tests="6" time="1.260" timestamp="2026-06-25T15:47:59.393787+00:00" hostname="agent-env-03922afd-d95c-4977-a108-c6bea9603120"><testcase classname="backend.tests.test_iter16_geo_network_stats.TestGeoSuggest" name="test_suggest_short_returns_empty" time="0.395" /><testcase classname="backend.tests.test_iter16_geo_network_stats.TestGeoSuggest" name="test_suggest_returns_results" time="0.135" /><testcase classname="backend.tests.test_iter16_geo_network_stats.TestAnagraficheStats" name="test_stats_structure_and_buckets" time="0.051" /><testcase classname="backend.tests.test_iter16_geo_network_stats.TestAnagraficaNetwork" name="test_network_with_temp_relation" time="0.270" /><testcase classname="backend.tests.test_iter16_geo_network_stats.TestGeoAnagraficheIsCliente" name="test_geo_anagrafiche_has_is_cliente" time="0.048" /><testcase classname="backend.tests.test_iter16_geo_network_stats.TestBrogliaccioRegression" name="test_uscite_generiche_non_in_totale_giornata" time="0.296" /></testsuite></testsuites>