<?xml version="1.0" encoding="utf-8"?><testsuites name="pytest tests"><testsuite name="pytest" errors="0" failures="0" skipped="0" tests="7" time="2.224" timestamp="2026-06-24T09:53:16.968156+00:00" hostname="agent-env-03922afd-d95c-4977-a108-c6bea9603120"><testcase classname="backend.tests.test_iter6_mapping_stats.TestMappingGaranzie" name="test_crud_and_validation" time="0.611" /><testcase classname="backend.tests.test_iter6_mapping_stats.TestMappingGaranzie" name="test_applica_a_polizze" time="0.420" /><testcase classname="backend.tests.test_iter6_mapping_stats.TestMappingOperatori" name="test_crud_user_enrichment" time="0.214" /><testcase classname="backend.tests.test_iter6_mapping_stats.TestMappingOperatori" name="test_applica_a_polizze" time="0.470" /><testcase classname="backend.tests.test_iter6_mapping_stats.TestStatistiche" name="test_shape" time="0.061" /><testcase classname="backend.tests.test_iter6_mapping_stats.TestStatistiche" name="test_period_filter" time="0.061" /><testcase classname="backend.tests.test_iter6_mapping_stats.TestPolizzaPUTFields" name="test_persist_new_economic_fields" time="0.293" /></testsuite></testsuites>