<?xml version="1.0" encoding="utf-8"?><testsuites name="pytest tests"><testsuite name="pytest" errors="0" failures="0" skipped="0" tests="15" time="14.273" timestamp="2026-07-10T16:28:29.140193+00:00" hostname="agent-env-03922afd-d95c-4977-a108-c6bea9603120"><testcase classname="backend.tests.test_iter28_whatsapp_media_ai_chat.TestWebhookAttachments" name="test_image_message" time="6.527" /><testcase classname="backend.tests.test_iter28_whatsapp_media_ai_chat.TestWebhookAttachments" name="test_video_message" time="0.227" /><testcase classname="backend.tests.test_iter28_whatsapp_media_ai_chat.TestWebhookAttachments" name="test_audio_message" time="0.202" /><testcase classname="backend.tests.test_iter28_whatsapp_media_ai_chat.TestWebhookAttachments" name="test_document_message" time="0.203" /><testcase classname="backend.tests.test_iter28_whatsapp_media_ai_chat.TestWebhookAttachments" name="test_sticker_message" time="0.199" /><testcase classname="backend.tests.test_iter28_whatsapp_media_ai_chat.TestDownloadMedia" name="test_404_message_not_found" time="0.128" /><testcase classname="backend.tests.test_iter28_whatsapp_media_ai_chat.TestDownloadMedia" name="test_400_message_without_media" time="0.306" /><testcase classname="backend.tests.test_iter28_whatsapp_media_ai_chat.TestDownloadMedia" name="test_media_download_attempt" time="0.777" /><testcase classname="backend.tests.test_iter28_whatsapp_media_ai_chat.TestReadAndUnread" name="test_mark_read_via_list_messages_with_number" time="0.484" /><testcase classname="backend.tests.test_iter28_whatsapp_media_ai_chat.TestReadAndUnread" name="test_unread_count_endpoint" time="0.102" /><testcase classname="backend.tests.test_iter28_whatsapp_media_ai_chat.TestChatMeta" name="test_set_meta_archive_and_tags" time="0.573" /><testcase classname="backend.tests.test_iter28_whatsapp_media_ai_chat.TestChatMeta" name="test_list_chats_anagrafica_enrichment" time="0.653" /><testcase classname="backend.tests.test_iter28_whatsapp_media_ai_chat.TestSaveToDiary" name="test_save_conversation_to_diary" time="0.770" /><testcase classname="backend.tests.test_iter28_whatsapp_media_ai_chat.TestAIChat" name="test_ai_chat_response" time="2.199" /><testcase classname="backend.tests.test_iter28_whatsapp_media_ai_chat.TestAIChat" name="test_ai_chat_stream_headers" time="0.862" /></testsuite></testsuites>