<?xml version="1.0" encoding="utf-8"?><testsuites name="pytest tests"><testsuite name="pytest" errors="0" failures="0" skipped="0" tests="10" time="7.300" timestamp="2026-07-22T15:50:09.402046+00:00" hostname="agent-env-83529fdd-e474-4935-b68f-1c14d1d5ac52"><testcase classname="backend.tests.test_iter35_openapi_targa_risk.TestAutomotiveByTarga" name="test_targa_first_call_persists_and_returns_source" time="1.200" /><testcase classname="backend.tests.test_iter35_openapi_targa_risk.TestAutomotiveByTarga" name="test_targa_second_call_returns_cache" time="0.715" /><testcase classname="backend.tests.test_iter35_openapi_targa_risk.TestAutomotiveByTarga" name="test_targa_invalid_returns_400" time="0.050" /><testcase classname="backend.tests.test_iter35_openapi_targa_risk.TestRisk" name="test_risk_returns_full_report" time="0.351" /><testcase classname="backend.tests.test_iter35_openapi_targa_risk.TestRisk" name="test_risk_persisted_on_anagrafica" time="0.412" /><testcase classname="backend.tests.test_iter35_openapi_targa_risk.TestAssociaProprietario" name="test_associate_owner_updates_storico" time="0.101" /><testcase classname="backend.tests.test_iter35_openapi_targa_risk.TestAssociaProprietario" name="test_associate_owner_404_if_veicolo_missing" time="0.054" /><testcase classname="backend.tests.test_iter35_openapi_targa_risk.TestRegressionStatusCompany" name="test_status_returns_all_keys" time="0.435" /><testcase classname="backend.tests.test_iter35_openapi_targa_risk.TestRegressionStatusCompany" name="test_company_direct_lookup" time="2.409" /><testcase classname="backend.tests.test_iter35_openapi_targa_risk.TestRegressionStatusCompany" name="test_company_save_to_libera" time="1.531" /></testsuite></testsuites>