<?xml version="1.0" encoding="utf-8"?><testsuites name="pytest tests"><testsuite name="pytest" errors="0" failures="0" skipped="0" tests="28" time="7.966" timestamp="2026-06-25T21:46:49.922728+00:00" hostname="agent-env-03922afd-d95c-4977-a108-c6bea9603120"><testcase classname="tests.test_iter4_brogliaccio_columns.TestContiCassaRename" name="test_brogliaccio_conti_cassa_excludes_paypal_and_includes_pagamento_direzione" time="0.472" /><testcase classname="tests.test_iter4_brogliaccio_columns.TestContiCassaRename" name="test_librerie_conti_cassa_lists_pagamento_direzione_active" time="0.073" /><testcase classname="tests.test_iter4_brogliaccio_columns.TestSaldoTrattiene" name="test_saldo_trattiene_true_positive_and_false_negative" time="0.853" /><testcase classname="tests.test_iter4_brogliaccio_columns.TestPdfNoSontiRimesse" name="test_pdf_returns_bytes" time="0.452" /><testcase classname="tests.test_iter5_brogliaccio.TestSeedMigration" name="test_no_rid_direzione" time="0.373" /><testcase classname="tests.test_iter5_brogliaccio.TestSeedMigration" name="test_pagamento_direzione_present" time="0.045" /><testcase classname="tests.test_iter5_brogliaccio.TestSeedMigration" name="test_paypal_inactive_or_excluded_from_attivi" time="0.098" /><testcase classname="tests.test_iter5_brogliaccio.TestMovimentoConContoCassa" name="test_create_movimento_with_conto_persists" time="0.223" /><testcase classname="tests.test_iter15_dashboard_brogliaccio_sospesipdf.TestStampaTitoliSospesi" name="test_pdf_admin" time="0.758" /><testcase classname="tests.test_iter15_dashboard_brogliaccio_sospesipdf.TestStampaTitoliSospesi" name="test_pdf_with_collaboratore_filter" time="0.471" /><testcase classname="tests.test_iter15_dashboard_brogliaccio_sospesipdf.TestTitoliSospesiList" name="test_list_returns_200" time="0.065" /><testcase classname="tests.test_iter15_dashboard_brogliaccio_sospesipdf.TestMezziPagamento" name="test_attivi_true_list" time="0.051" /><testcase classname="tests.test_iter15_dashboard_brogliaccio_sospesipdf.TestBrogliaccioOutflowsNotInTotale" name="test_outflow_totale_zero" time="0.370" /><testcase classname="tests.test_iter15_dashboard_brogliaccio_sospesipdf.TestBrogliaccioOutflowsNotInTotale" name="test_totali_giornata_totale_is_incassi_only" time="0.329" /><testcase classname="tests.test_iter15_dashboard_brogliaccio_sospesipdf.TestBrogliaccioRegressionSpecialCats" name="test_rimessa_provv_giroconto_columns" time="0.368" /><testcase classname="tests.test_iter15_dashboard_brogliaccio_sospesipdf.TestGeocoding" name="test_geocode_existing_anagrafica" time="1.073" /><testcase classname="tests.test_iter17_p0_refactor" name="test_database_module_exists_and_exports_db" time="0.002" /><testcase classname="tests.test_iter17_p0_refactor" name="test_auth_no_longer_imports_from_server" time="0.000" /><testcase classname="tests.test_iter17_p0_refactor" name="test_server_imports_from_database" time="0.003" /><testcase classname="tests.test_iter17_p0_refactor" name="test_admin_login" time="0.388" /><testcase classname="tests.test_iter17_p0_refactor" name="test_anagrafiche_stats_categoria_split" time="0.055" /><testcase classname="tests.test_iter17_p0_refactor" name="test_dashboard_tasks_no_nameerror" time="0.050" /><testcase classname="tests.test_iter17_p0_refactor" name="test_contabilita_brogliaccio_smoke" time="0.090" /><testcase classname="tests.test_iter17_p0_refactor" name="test_contabilita_dati_compagnie_smoke" time="0.087" /><testcase classname="tests.test_iter17_p0_refactor" name="test_calcola_scadenza_titolo_helper" time="0.543" /><testcase classname="tests.test_iter17_p0_refactor" name="test_sostituisci_polizza_creates_titolo_with_scadenza" time="0.171" /><testcase classname="tests.test_iter17_p0_refactor" name="test_avvisi_pdf_bulk_no_nameerror" time="0.106" /><testcase classname="tests.test_iter17_p0_refactor" name="test_put_polizza_persists_new_edit_fields" time="0.334" /></testsuite></testsuites>