<?xml version="1.0" encoding="utf-8"?><testsuites name="pytest tests"><testsuite name="pytest" errors="0" failures="0" skipped="0" tests="10" time="2.229" timestamp="2026-06-25T14:47:18.979035+00:00" hostname="agent-env-03922afd-d95c-4977-a108-c6bea9603120"><testcase classname="backend.tests.test_iter14_giroconto_fix.TestGirocontoNoTotale" name="test_giroconto_uscita_totale_zero" time="0.703" /><testcase classname="backend.tests.test_iter14_giroconto_fix.TestGirocontoPairIdTopLevel" name="test_pair_id_present_in_db" time="0.098" /><testcase classname="backend.tests.test_iter14_giroconto_fix.TestDeleteGirocontoPair" name="test_delete_giroconto_cancella_coppia" time="0.144" /><testcase classname="backend.tests.test_iter14_giroconto_fix.TestDeleteGirocontoPair" name="test_delete_giroconto_legacy_via_note_regex" time="0.046" /><testcase classname="backend.tests.test_iter14_giroconto_fix.TestRegressioneAltriMovimenti" name="test_incasso_premio_totale_lordo" time="0.706" /><testcase classname="backend.tests.test_iter14_giroconto_fix.TestRegressioneAltriMovimenti" name="test_rimessa_totale_zero" time="0.071" /><testcase classname="backend.tests.test_iter14_giroconto_fix.TestRegressioneAltriMovimenti" name="test_paga_provv_totale_zero" time="0.097" /><testcase classname="backend.tests.test_iter14_giroconto_fix.TestRegressioneAltriMovimenti" name="test_stipendio_totale_negativo" time="0.070" /><testcase classname="backend.tests.test_iter14_giroconto_fix.TestRegressioneAltriMovimenti" name="test_rappel_entrata_totale_zero" time="0.072" /><testcase classname="backend.tests.test_iter14_giroconto_fix.TestRegressioneAltriMovimenti" name="test_kpi_entrate_solo_incasso_premio" time="0.071" /></testsuite></testsuites>