<?xml version="1.0" encoding="utf-8"?><testsuites name="pytest tests"><testsuite name="pytest" errors="0" failures="0" skipped="0" tests="8" time="2.730" timestamp="2026-06-25T15:22:29.057003+00:00" hostname="agent-env-03922afd-d95c-4977-a108-c6bea9603120"><testcase classname="backend.tests.test_iter15_dashboard_brogliaccio_sospesipdf.TestStampaTitoliSospesi" name="test_pdf_admin" time="0.778" /><testcase classname="backend.tests.test_iter15_dashboard_brogliaccio_sospesipdf.TestStampaTitoliSospesi" name="test_pdf_with_collaboratore_filter" time="0.381" /><testcase classname="backend.tests.test_iter15_dashboard_brogliaccio_sospesipdf.TestTitoliSospesiList" name="test_list_returns_200" time="0.045" /><testcase classname="backend.tests.test_iter15_dashboard_brogliaccio_sospesipdf.TestMezziPagamento" name="test_attivi_true_list" time="0.043" /><testcase classname="backend.tests.test_iter15_dashboard_brogliaccio_sospesipdf.TestBrogliaccioOutflowsNotInTotale" name="test_outflow_totale_zero" time="0.421" /><testcase classname="backend.tests.test_iter15_dashboard_brogliaccio_sospesipdf.TestBrogliaccioOutflowsNotInTotale" name="test_totali_giornata_totale_is_incassi_only" time="0.367" /><testcase classname="backend.tests.test_iter15_dashboard_brogliaccio_sospesipdf.TestBrogliaccioRegressionSpecialCats" name="test_rimessa_provv_giroconto_columns" time="0.374" /><testcase classname="backend.tests.test_iter15_dashboard_brogliaccio_sospesipdf.TestGeocoding" name="test_geocode_existing_anagrafica" time="0.229" /></testsuite></testsuites>