<?xml version="1.0" encoding="utf-8"?><testsuites name="pytest tests"><testsuite name="pytest" errors="0" failures="0" skipped="0" tests="26" time="79.506" timestamp="2026-06-22T08:47:35.394811+00:00" hostname="agent-env-03922afd-d95c-4977-a108-c6bea9603120"><testcase classname="backend_test" name="test_login_each_role[admin]" time="0.459" /><testcase classname="backend_test" name="test_login_each_role[collaboratore]" time="0.420" /><testcase classname="backend_test" name="test_login_each_role[dipendente]" time="0.413" /><testcase classname="backend_test" name="test_login_each_role[cliente]" time="0.428" /><testcase classname="backend_test" name="test_login_invalid" time="0.095" /><testcase classname="backend_test" name="test_stats_dashboard_admin" time="0.475" /><testcase classname="backend_test" name="test_stats_dashboard_cliente_restricted" time="0.428" /><testcase classname="backend_test" name="test_anagrafica_crud" time="0.504" /><testcase classname="backend_test" name="test_anagrafica_relazioni_bidirezionali" time="0.556" /><testcase classname="backend_test" name="test_intervista_save" time="36.315" /><testcase classname="backend_test" name="test_compagnia_crud" time="0.588" /><testcase classname="backend_test" name="test_polizza_titolo_incasso_flow" time="0.655" /><testcase classname="backend_test" name="test_sinistro_crud" time="12.748" /><testcase classname="backend_test" name="test_movimento_create_and_estratto_conto" time="0.476" /><testcase classname="backend_test" name="test_import_ania_zip" time="0.519" /><testcase classname="backend_test" name="test_calcolo_pensione[invalidita]" time="0.422" /><testcase classname="backend_test" name="test_calcolo_pensione[inabilita]" time="0.426" /><testcase classname="backend_test" name="test_calcolo_pensione[superstite]" time="19.896" /><testcase classname="backend_test" name="test_email_create_and_avvisi" time="0.629" /><testcase classname="backend_test" name="test_attivita_log_admin" time="0.426" /><testcase classname="backend_test" name="test_attivita_log_cliente_forbidden" time="0.416" /><testcase classname="backend_test" name="test_cliente_polizze_filtered" time="0.430" /><testcase classname="backend_test" name="test_cliente_no_compagnie_create" time="0.421" /><testcase classname="backend_test" name="test_cliente_no_importazione" time="0.427" /><testcase classname="backend_test" name="test_dipendente_can_access_email_and_contabilita" time="0.527" /><testcase classname="backend_test" name="test_cleanup" time="0.313" /></testsuite></testsuites>